[0305/212006:ERROR:process_info.cc(608)] range at 0x6bff2a4800000000, size 0x1b3 fully unreadable
[0305/212006:ERROR:process_info.cc(608)] range at 0x6bff2aaa00000000, size 0x1b3 fully unreadable
[0305/212006:ERROR:process_info.cc(608)] range at 0x0, size 0x1b3 fully unreadable
[0305/212006:WARNING:in_range_cast.h(38)] value 1870122653076 out of range
[0305/212006:WARNING:in_range_cast.h(38)] value 1870122654760 out of range
[0305/212006:WARNING:in_range_cast.h(38)] value 1870122655100 out of range
[0305/212006:WARNING:in_range_cast.h(38)] value 1870122651436 out of range
[0305/212006:WARNING:in_range_cast.h(38)] value 1870122651644 out of range
[0306/211628:ERROR:process_info.cc(608)] range at 0x4552a5c00000000, size 0x1c2 fully unreadable
[0306/211628:ERROR:process_info.cc(608)] range at 0x4552ac000000000, size 0x1c2 fully unreadable
[0306/211628:ERROR:process_info.cc(608)] range at 0x0, size 0x1c2 fully unreadable
[0306/211629:WARNING:in_range_cast.h(38)] value 1932807968166 out of range
[0306/211629:WARNING:in_range_cast.h(38)] value 1932807969850 out of range
[0306/211629:WARNING:in_range_cast.h(38)] value 1932807970190 out of range
[0306/211629:WARNING:in_range_cast.h(38)] value 1932807966320 out of range
[0306/211629:WARNING:in_range_cast.h(38)] value 1932807966320 out of range
[0307/163205:ERROR:process_info.cc(608)] range at 0x8a2b2a3800000000, size 0x17d fully unreadable
[0307/163205:ERROR:process_info.cc(608)] range at 0x8a2b2a9c00000000, size 0x17d fully unreadable
[0307/163205:ERROR:process_info.cc(608)] range at 0x0, size 0x17d fully unreadable
[0307/163205:WARNING:in_range_cast.h(38)] value 1638700619152 out of range
[0307/163205:WARNING:in_range_cast.h(38)] value 1638700620836 out of range
[0307/163205:WARNING:in_range_cast.h(38)] value 1638700621176 out of range
[0307/163205:WARNING:in_range_cast.h(38)] value 1638700617506 out of range
[0307/163205:WARNING:in_range_cast.h(38)] value 1638700617714 out of range
[0307/171627:ERROR:process_info.cc(608)] range at 0xef643efe00000000, size 0x233 fully unreadable
[0307/171627:ERROR:process_info.cc(608)] range at 0xef643f6400000000, size 0x233 fully unreadable
[0307/171627:ERROR:process_info.cc(608)] range at 0x0, size 0x233 fully unreadable
[0307/171627:WARNING:in_range_cast.h(38)] value 2422082901392 out of range
[0307/171627:WARNING:in_range_cast.h(38)] value 2422082903076 out of range
[0307/171627:WARNING:in_range_cast.h(38)] value 2422082903416 out of range
[0307/171627:WARNING:in_range_cast.h(38)] value 2422082899746 out of range
[0307/171627:WARNING:in_range_cast.h(38)] value 2422082899954 out of range
[0311/125301.424:ERROR:process_reader_win.cc(142)] SuspendThread: 拒绝访问。 (0x5)
[0311/125301.509:ERROR:process_reader_win.cc(142)] SuspendThread: 拒绝访问。 (0x5)
[0311/125301.509:ERROR:process_reader_win.cc(142)] SuspendThread: 拒绝访问。 (0x5)
[0311/125301.509:ERROR:process_reader_win.cc(142)] SuspendThread: 拒绝访问。 (0x5)
[0311/125301.509:ERROR:process_reader_win.cc(142)] SuspendThread: 拒绝访问。 (0x5)
[0311/125301.509:ERROR:process_reader_win.cc(142)] SuspendThread: 拒绝访问。 (0x5)
[0311/125301.509:ERROR:process_reader_win.cc(142)] SuspendThread: 拒绝访问。 (0x5)
[0311/125301.509:ERROR:process_reader_win.cc(142)] SuspendThread: 拒绝访问。 (0x5)
[0311/125301.425:ERROR:process_reader_win.cc(142)] SuspendThread: 拒绝访问。 (0x5)
[0311/125301.536:ERROR:process_reader_win.cc(142)] SuspendThread: 拒绝访问。 (0x5)
[0311/125301.536:ERROR:process_reader_win.cc(142)] SuspendThread: 拒绝访问。 (0x5)
[0311/125301.536:ERROR:process_reader_win.cc(142)] SuspendThread: 拒绝访问。 (0x5)
[0311/125301.536:ERROR:process_reader_win.cc(142)] SuspendThread: 拒绝访问。 (0x5)
[0311/125301.536:ERROR:process_reader_win.cc(142)] SuspendThread: 拒绝访问。 (0x5)
[0311/125301.537:ERROR:process_reader_win.cc(142)] SuspendThread: 拒绝访问。 (0x5)
[0311/125301.537:ERROR:process_reader_win.cc(142)] SuspendThread: 拒绝访问。 (0x5)
[0311/125301.537:ERROR:process_reader_win.cc(142)] SuspendThread: 拒绝访问。 (0x5)
[0311/125301.452:ERROR:process_reader_win.cc(142)] SuspendThread: 拒绝访问。 (0x5)
[0311/125301.452:ERROR:process_reader_win.cc(142)] SuspendThread: 拒绝访问。 (0x5)
[0311/125301.537:ERROR:process_reader_win.cc(142)] SuspendThread: 拒绝访问。 (0x5)
[0311/125301.537:ERROR:process_reader_win.cc(142)] SuspendThread: 拒绝访问。 (0x5)
[0311/125301.537:ERROR:process_reader_win.cc(142)] SuspendThread: 拒绝访问。 (0x5)
[0311/125301.537:ERROR:process_reader_win.cc(142)] SuspendThread: 拒绝访问。 (0x5)
[0311/125301.537:ERROR:process_reader_win.cc(142)] SuspendThread: 拒绝访问。 (0x5)
[0311/125301.537:ERROR:process_reader_win.cc(142)] SuspendThread: 拒绝访问。 (0x5)
[0311/125301.537:ERROR:process_reader_win.cc(142)] SuspendThread: 拒绝访问。 (0x5)
[0311/125301.537:ERROR:process_reader_win.cc(142)] SuspendThread: 拒绝访问。 (0x5)
[0311/125301.537:ERROR:process_reader_win.cc(142)] SuspendThread: 拒绝访问。 (0x5)
[0311/125301.537:ERROR:process_reader_win.cc(142)] SuspendThread: 拒绝访问。 (0x5)
[0311/125301.537:ERROR:process_reader_win.cc(142)] SuspendThread: 拒绝访问。 (0x5)
[0311/125301.537:ERROR:process_reader_win.cc(142)] SuspendThread: 拒绝访问。 (0x5)
[0311/125301.537:ERROR:process_reader_win.cc(142)] SuspendThread: 拒绝访问。 (0x5)
[0311/125301.537:ERROR:process_reader_win.cc(142)] SuspendThread: 拒绝访问。 (0x5)
[0311/125301.582:ERROR:process_reader_win.cc(233)] ReadMemory at 0x5770048 of 32768 bytes failed: 仅完成部分的 ReadProcessMemory 或 WriteProcessMemory 请求。 (0x12B)
[0311/125301.582:WARNING:pe_image_annotations_reader.cc(65)] could not read simple annotations from C:\Program Files (x86)\Google\Chrome\Application\57.0.2987.98\chrome_elf.dll
[0311/125301.582:ERROR:process_reader_win.cc(233)] ReadMemory at 0x5a80048 of 32768 bytes failed: 仅完成部分的 ReadProcessMemory 或 WriteProcessMemory 请求。 (0x12B)
[0311/125301.582:WARNING:pe_image_annotations_reader.cc(65)] could not read simple annotations from C:\Program Files (x86)\Google\Chrome\Application\57.0.2987.98\chrome_elf.dll
[0311/125301.611:ERROR:process_reader_win.cc(233)] ReadMemory at 0x56f0048 of 32768 bytes failed: 仅完成部分的 ReadProcessMemory 或 WriteProcessMemory 请求。 (0x12B)
[0311/125301.611:ERROR:process_reader_win.cc(233)] ReadMemory at 0x5400048 of 32768 bytes failed: 仅完成部分的 ReadProcessMemory 或 WriteProcessMemory 请求。 (0x12B)
[0311/125301.611:WARNING:pe_image_annotations_reader.cc(65)] could not read simple annotations from C:\Program Files (x86)\Google\Chrome\Application\57.0.2987.98\chrome_elf.dll
[0311/125301.611:WARNING:pe_image_annotations_reader.cc(65)] could not read simple annotations from C:\Program Files (x86)\Google\Chrome\Application\57.0.2987.98\chrome_elf.dll
[0311/125301.670:ERROR:process_reader_win.cc(233)] ReadMemory at 0x5740048 of 32768 bytes failed: 仅完成部分的 ReadProcessMemory 或 WriteProcessMemory 请求。 (0x12B)
[0311/125301.670:WARNING:pe_image_annotations_reader.cc(65)] could not read simple annotations from C:\Program Files (x86)\Google\Chrome\Application\57.0.2987.98\chrome_elf.dll
[0311/125321.972:ERROR:process_reader_win.cc(142)] SuspendThread: 拒绝访问。 (0x5)
[0311/125321.973:ERROR:process_reader_win.cc(142)] SuspendThread: 拒绝访问。 (0x5)
[0311/125321.973:ERROR:process_reader_win.cc(142)] SuspendThread: 拒绝访问。 (0x5)
[0311/125321.973:ERROR:process_reader_win.cc(142)] SuspendThread: 拒绝访问。 (0x5)
[0311/125321.973:ERROR:process_reader_win.cc(142)] SuspendThread: 拒绝访问。 (0x5)
[0311/125321.973:ERROR:process_reader_win.cc(142)] SuspendThread: 拒绝访问。 (0x5)
[0311/125321.973:ERROR:process_reader_win.cc(142)] SuspendThread: 拒绝访问。 (0x5)
[0311/125321.973:ERROR:process_reader_win.cc(142)] SuspendThread: 拒绝访问。 (0x5)
[0311/125321.976:ERROR:process_reader_win.cc(142)] SuspendThread: 拒绝访问。 (0x5)
[0311/125321.976:ERROR:process_reader_win.cc(142)] SuspendThread: 拒绝访问。 (0x5)
[0311/125321.976:ERROR:process_reader_win.cc(142)] SuspendThread: 拒绝访问。 (0x5)
[0311/125321.976:ERROR:process_reader_win.cc(142)] SuspendThread: 拒绝访问。 (0x5)
[0311/125321.976:ERROR:process_reader_win.cc(142)] SuspendThread: 拒绝访问。 (0x5)
[0311/125321.976:ERROR:process_reader_win.cc(142)] SuspendThread: 拒绝访问。 (0x5)
[0311/125321.977:ERROR:process_reader_win.cc(142)] SuspendThread: 拒绝访问。 (0x5)
[0311/125321.977:ERROR:process_reader_win.cc(142)] SuspendThread: 拒绝访问。 (0x5)
[0311/125321.987:ERROR:process_reader_win.cc(233)] ReadMemory at 0x56b0048 of 32768 bytes failed: 仅完成部分的 ReadProcessMemory 或 WriteProcessMemory 请求。 (0x12B)
[0311/125321.987:WARNING:pe_image_annotations_reader.cc(65)] could not read simple annotations from C:\Program Files (x86)\Google\Chrome\Application\57.0.2987.98\chrome_elf.dll
[0311/125321.988:ERROR:process_reader_win.cc(233)] ReadMemory at 0x54f0048 of 32768 bytes failed: 仅完成部分的 ReadProcessMemory 或 WriteProcessMemory 请求。 (0x12B)
[0311/125321.988:WARNING:pe_image_annotations_reader.cc(65)] could not read simple annotations from C:\Program Files (x86)\Google\Chrome\Application\57.0.2987.98\chrome_elf.dll
[0311/125321.993:ERROR:process_reader_win.cc(142)] SuspendThread: 拒绝访问。 (0x5)
[0311/125321.993:ERROR:process_reader_win.cc(142)] SuspendThread: 拒绝访问。 (0x5)
[0311/125321.993:ERROR:process_reader_win.cc(142)] SuspendThread: 拒绝访问。 (0x5)
[0311/125321.993:ERROR:process_reader_win.cc(142)] SuspendThread: 拒绝访问。 (0x5)
[0311/125321.993:ERROR:process_reader_win.cc(142)] SuspendThread: 拒绝访问。 (0x5)
[0311/125321.993:ERROR:process_reader_win.cc(142)] SuspendThread: 拒绝访问。 (0x5)
[0311/125321.993:ERROR:process_reader_win.cc(142)] SuspendThread: 拒绝访问。 (0x5)
[0311/125321.993:ERROR:process_reader_win.cc(142)] SuspendThread: 拒绝访问。 (0x5)
[0311/125321.993:ERROR:process_reader_win.cc(142)] SuspendThread: 拒绝访问。 (0x5)
[0311/125321.993:ERROR:process_reader_win.cc(142)] SuspendThread: 拒绝访问。 (0x5)
[0311/125322.006:ERROR:process_reader_win.cc(233)] ReadMemory at 0x5080048 of 32768 bytes failed: 仅完成部分的 ReadProcessMemory 或 WriteProcessMemory 请求。 (0x12B)
[0311/125322.006:WARNING:pe_image_annotations_reader.cc(65)] could not read simple annotations from C:\Program Files (x86)\Google\Chrome\Application\57.0.2987.98\chrome_elf.dll
[0311/125322.025:ERROR:process_reader_win.cc(142)] SuspendThread: 拒绝访问。 (0x5)
[0311/125322.025:ERROR:process_reader_win.cc(142)] SuspendThread: 拒绝访问。 (0x5)
[0311/125322.025:ERROR:process_reader_win.cc(142)] SuspendThread: 拒绝访问。 (0x5)
[0311/125322.025:ERROR:process_reader_win.cc(142)] SuspendThread: 拒绝访问。 (0x5)
[0311/125322.025:ERROR:process_reader_win.cc(142)] SuspendThread: 拒绝访问。 (0x5)
[0311/125322.025:ERROR:process_reader_win.cc(142)] SuspendThread: 拒绝访问。 (0x5)
[0311/125322.025:ERROR:process_reader_win.cc(142)] SuspendThread: 拒绝访问。 (0x5)
[0311/125322.025:ERROR:process_reader_win.cc(142)] SuspendThread: 拒绝访问。 (0x5)
[0311/125322.025:ERROR:process_reader_win.cc(142)] SuspendThread: 拒绝访问。 (0x5)
[0311/125322.025:ERROR:process_reader_win.cc(142)] SuspendThread: 拒绝访问。 (0x5)
[0311/125322.066:ERROR:process_reader_win.cc(233)] ReadMemory at 0x54b0048 of 32768 bytes failed: 仅完成部分的 ReadProcessMemory 或 WriteProcessMemory 请求。 (0x12B)
[0311/125322.066:WARNING:pe_image_annotations_reader.cc(65)] could not read simple annotations from C:\Program Files (x86)\Google\Chrome\Application\57.0.2987.98\chrome_elf.dll
[0316/201445.857:ERROR:process_reader_win.cc(142)] SuspendThread: 拒绝访问。 (0x5)
[0316/201445.857:ERROR:process_reader_win.cc(142)] SuspendThread: 拒绝访问。 (0x5)
[0316/201445.920:ERROR:process_reader_win.cc(233)] ReadMemory at 0x4d30048 of 32768 bytes failed: 仅完成部分的 ReadProcessMemory 或 WriteProcessMemory 请求。 (0x12B)
[0316/201445.920:WARNING:pe_image_annotations_reader.cc(65)] could not read simple annotations from C:\Program Files (x86)\Google\Chrome\Application\57.0.2987.98\chrome_elf.dll
[0316/201445.920:ERROR:process_reader_win.cc(233)] ReadMemory at 0x5110048 of 32768 bytes failed: 仅完成部分的 ReadProcessMemory 或 WriteProcessMemory 请求。 (0x12B)
[0316/201445.920:WARNING:pe_image_annotations_reader.cc(65)] could not read simple annotations from C:\Program Files (x86)\Google\Chrome\Application\57.0.2987.98\chrome_elf.dll
[0316/201446.045:ERROR:process_reader_win.cc(233)] ReadMemory at 0x5390048 of 32768 bytes failed: 仅完成部分的 ReadProcessMemory 或 WriteProcessMemory 请求。 (0x12B)
[0316/201446.076:ERROR:process_reader_win.cc(233)] ReadMemory at 0x5510048 of 32768 bytes failed: 仅完成部分的 ReadProcessMemory 或 WriteProcessMemory 请求。 (0x12B)
[0316/201446.076:WARNING:pe_image_annotations_reader.cc(65)] could not read simple annotations from C:\Program Files (x86)\Google\Chrome\Application\57.0.2987.98\chrome_elf.dll
[0316/201446.076:WARNING:pe_image_annotations_reader.cc(65)] could not read simple annotations from C:\Program Files (x86)\Google\Chrome\Application\57.0.2987.98\chrome_elf.dll
[0316/201509.733:ERROR:process_reader_win.cc(142)] SuspendThread: 拒绝访问。 (0x5)
[0316/201509.733:ERROR:process_reader_win.cc(142)] SuspendThread: 拒绝访问。 (0x5)
[0316/201509.733:ERROR:process_reader_win.cc(142)] SuspendThread: 拒绝访问。 (0x5)
[0316/201509.764:ERROR:process_reader_win.cc(233)] ReadMemory at 0x5060048 of 32768 bytes failed: 仅完成部分的 ReadProcessMemory 或 WriteProcessMemory 请求。 (0x12B)
[0316/201509.764:WARNING:pe_image_annotations_reader.cc(65)] could not read simple annotations from C:\Program Files (x86)\Google\Chrome\Application\57.0.2987.98\chrome_elf.dll
[0316/201509.967:ERROR:process_reader_win.cc(233)] ReadMemory at 0x5250048 of 32768 bytes failed: 仅完成部分的 ReadProcessMemory 或 WriteProcessMemory 请求。 (0x12B)
[0316/201509.967:WARNING:pe_image_annotations_reader.cc(65)] could not read simple annotations from C:\Program Files (x86)\Google\Chrome\Application\57.0.2987.98\chrome_elf.dll
[0316/201509.983:ERROR:process_reader_win.cc(233)] ReadMemory at 0x4ba0048 of 32768 bytes failed: 仅完成部分的 ReadProcessMemory 或 WriteProcessMemory 请求。 (0x12B)
[0316/201509.983:WARNING:pe_image_annotations_reader.cc(65)] could not read simple annotations from C:\Program Files (x86)\Google\Chrome\Application\57.0.2987.98\chrome_elf.dll
[0325/195427.176:ERROR:exception_handler_server.cc(524)] ConnectNamedPipe: 管道正在被关闭。 (0xE8)
[0401/220239.913:ERROR:process_reader_win.cc(142)] SuspendThread: 拒绝访问。 (0x5)
[0401/220239.951:ERROR:process_reader_win.cc(142)] SuspendThread: 拒绝访问。 (0x5)
[0401/220239.965:ERROR:process_reader_win.cc(142)] SuspendThread: 拒绝访问。 (0x5)
[0401/220239.965:ERROR:process_reader_win.cc(142)] SuspendThread: 拒绝访问。 (0x5)
[0401/220239.965:ERROR:process_reader_win.cc(142)] SuspendThread: 拒绝访问。 (0x5)
[0401/220239.965:ERROR:process_reader_win.cc(142)] SuspendThread: 拒绝访问。 (0x5)
[0401/220239.965:ERROR:process_reader_win.cc(142)] SuspendThread: 拒绝访问。 (0x5)
[0401/220239.965:ERROR:process_reader_win.cc(142)] SuspendThread: 拒绝访问。 (0x5)
[0401/220239.965:ERROR:process_reader_win.cc(142)] SuspendThread: 拒绝访问。 (0x5)
[0401/220239.965:ERROR:process_reader_win.cc(142)] SuspendThread: 拒绝访问。 (0x5)
[0401/220239.965:ERROR:process_reader_win.cc(142)] SuspendThread: 拒绝访问。 (0x5)
[0401/220239.965:ERROR:process_reader_win.cc(142)] SuspendThread: 拒绝访问。 (0x5)
[0401/220239.965:ERROR:process_reader_win.cc(142)] SuspendThread: 拒绝访问。 (0x5)
[0401/220239.965:ERROR:process_reader_win.cc(142)] SuspendThread: 拒绝访问。 (0x5)
[0401/220239.965:ERROR:process_reader_win.cc(142)] SuspendThread: 拒绝访问。 (0x5)
[0401/220239.965:ERROR:process_reader_win.cc(142)] SuspendThread: 拒绝访问。 (0x5)
[0401/220239.965:ERROR:process_reader_win.cc(142)] SuspendThread: 拒绝访问。 (0x5)
[0401/220240.049:ERROR:process_reader_win.cc(233)] ReadMemory at 0x4f10048 of 32768 bytes failed: 仅完成部分的 ReadProcessMemory 或 WriteProcessMemory 请求。 (0x12B)
[0401/220240.049:WARNING:pe_image_annotations_reader.cc(65)] could not read simple annotations from C:\Program Files (x86)\Google\Chrome\Application\57.0.2987.98\chrome_elf.dll
[0401/220240.049:ERROR:process_reader_win.cc(233)] ReadMemory at 0x49a0048 of 32768 bytes failed: 仅完成部分的 ReadProcessMemory 或 WriteProcessMemory 请求。 (0x12B)
[0401/220240.049:WARNING:pe_image_annotations_reader.cc(65)] could not read simple annotations from C:\Program Files (x86)\Google\Chrome\Application\57.0.2987.98\chrome_elf.dll
[0401/220240.049:ERROR:process_reader_win.cc(233)] ReadMemory at 0x5160048 of 32768 bytes failed: 仅完成部分的 ReadProcessMemory 或 WriteProcessMemory 请求。 (0x12B)
[0401/220240.049:ERROR:process_reader_win.cc(233)] ReadMemory at 0x4d30048 of 32768 bytes failed: 仅完成部分的 ReadProcessMemory 或 WriteProcessMemory 请求。 (0x12B)
[0401/220240.106:WARNING:pe_image_annotations_reader.cc(65)] could not read simple annotations from C:\Program Files (x86)\Google\Chrome\Application\57.0.2987.98\chrome_elf.dll
[0401/220240.106:WARNING:pe_image_annotations_reader.cc(65)] could not read simple annotations from C:\Program Files (x86)\Google\Chrome\Application\57.0.2987.98\chrome_elf.dll
[0401/221631.273:ERROR:exception_handler_server.cc(524)] ConnectNamedPipe: 管道正在被关闭。 (0xE8)
[0401/222151.431:ERROR:exception_handler_server.cc(524)] ConnectNamedPipe: 管道正在被关闭。 (0xE8)
[0417/100844.538:ERROR:process_reader_win.cc(142)] SuspendThread: 拒绝访问。 (0x5)
[0417/100844.571:ERROR:process_reader_win.cc(142)] SuspendThread: 拒绝访问。 (0x5)
[0417/100844.572:ERROR:process_reader_win.cc(142)] SuspendThread: 拒绝访问。 (0x5)
[0417/100844.572:ERROR:process_reader_win.cc(142)] SuspendThread: 拒绝访问。 (0x5)
[0417/100844.572:ERROR:process_reader_win.cc(142)] SuspendThread: 拒绝访问。 (0x5)
[0417/100844.572:ERROR:process_reader_win.cc(142)] SuspendThread: 拒绝访问。 (0x5)
[0417/100844.572:ERROR:process_reader_win.cc(142)] SuspendThread: 拒绝访问。 (0x5)
[0417/100844.572:ERROR:process_reader_win.cc(142)] SuspendThread: 拒绝访问。 (0x5)
[0417/100844.572:ERROR:process_reader_win.cc(142)] SuspendThread: 拒绝访问。 (0x5)
[0417/100844.578:ERROR:process_reader_win.cc(142)] SuspendThread: 拒绝访问。 (0x5)
[0417/100844.578:ERROR:process_reader_win.cc(142)] SuspendThread: 拒绝访问。 (0x5)
[0417/100844.578:ERROR:process_reader_win.cc(142)] SuspendThread: 拒绝访问。 (0x5)
[0417/100844.578:ERROR:process_reader_win.cc(142)] SuspendThread: 拒绝访问。 (0x5)
[0417/100844.578:ERROR:process_reader_win.cc(142)] SuspendThread: 拒绝访问。 (0x5)
[0417/100844.578:ERROR:process_reader_win.cc(142)] SuspendThread: 拒绝访问。 (0x5)
[0417/100844.578:ERROR:process_reader_win.cc(142)] SuspendThread: 拒绝访问。 (0x5)
[0417/100844.578:ERROR:process_reader_win.cc(142)] SuspendThread: 拒绝访问。 (0x5)
[0417/100844.636:ERROR:process_reader_win.cc(233)] ReadMemory at 0x4f80048 of 32768 bytes failed: 仅完成部分的 ReadProcessMemory 或 WriteProcessMemory 请求。 (0x12B)
[0417/100844.637:WARNING:pe_image_annotations_reader.cc(65)] could not read simple annotations from C:\Program Files (x86)\Google\Chrome\Application\57.0.2987.98\chrome_elf.dll
[0417/100844.637:ERROR:process_reader_win.cc(233)] ReadMemory at 0xcb0048 of 32768 bytes failed: 仅完成部分的 ReadProcessMemory 或 WriteProcessMemory 请求。 (0x12B)
[0417/100844.637:WARNING:pe_image_annotations_reader.cc(65)] could not read simple annotations from C:\Program Files (x86)\Google\Chrome\Application\57.0.2987.98\chrome_elf.dll
[0417/100844.693:ERROR:process_reader_win.cc(233)] ReadMemory at 0x5590048 of 32768 bytes failed: 仅完成部分的 ReadProcessMemory 或 WriteProcessMemory 请求。 (0x12B)
[0417/100844.693:WARNING:pe_image_annotations_reader.cc(65)] could not read simple annotations from C:\Program Files (x86)\Google\Chrome\Application\57.0.2987.98\chrome_elf.dll
[0417/220955.310:ERROR:process_reader_win.cc(233)] ReadMemory at 0x5520048 of 32768 bytes failed: 仅完成部分的 ReadProcessMemory 或 WriteProcessMemory 请求。 (0x12B)
[0417/220955.311:WARNING:pe_image_annotations_reader.cc(65)] could not read simple annotations from C:\Program Files (x86)\Google\Chrome\Application\57.0.2987.98\chrome_elf.dll
[0417/220955.347:ERROR:process_reader_win.cc(233)] ReadMemory at 0x5076000 of 40960 bytes failed: 仅完成部分的 ReadProcessMemory 或 WriteProcessMemory 请求。 (0x12B)
[0417/220955.347:ERROR:crash_report_exception_handler.cc(111)] WriteEverything failed
[0417/220955.348:ERROR:scoped_process_suspend.cc(38)] NtResumeProcess: 已尝试访问正在退出的过程。  (0xc000010a)
[0417/222959.531:ERROR:process_reader_win.cc(233)] ReadMemory at 0xe90000 of 64 bytes failed: 仅完成部分的 ReadProcessMemory 或 WriteProcessMemory 请求。 (0x12B)
[0417/222959.531:WARNING:pe_image_reader.cc(281)] could not read dos header from C:\Program Files (x86)\Google\Chrome\Application\chrome.exe
[0417/222959.531:ERROR:process_reader_win.cc(233)] ReadMemory at 0x746d0000 of 64 bytes failed: 仅完成部分的 ReadProcessMemory 或 WriteProcessMemory 请求。 (0x12B)
[0417/222959.531:WARNING:pe_image_reader.cc(281)] could not read dos header from C:\WINDOWS\System32\KERNELBASE.dll
[0417/222959.531:ERROR:process_reader_win.cc(233)] ReadMemory at 0x75c60000 of 64 bytes failed: 仅完成部分的 ReadProcessMemory 或 WriteProcessMemory 请求。 (0x12B)
[0417/222959.531:WARNING:pe_image_reader.cc(281)] could not read dos header from C:\WINDOWS\System32\KERNEL32.DLL
[0417/222959.531:ERROR:process_reader_win.cc(233)] ReadMemory at 0x693d0000 of 64 bytes failed: 仅完成部分的 ReadProcessMemory 或 WriteProcessMemory 请求。 (0x12B)
[0417/222959.531:WARNING:pe_image_reader.cc(281)] could not read dos header from C:\WINDOWS\AppPatch\AcGenral.dll
[0417/222959.531:ERROR:process_reader_win.cc(233)] ReadMemory at 0x774d0000 of 64 bytes failed: 仅完成部分的 ReadProcessMemory 或 WriteProcessMemory 请求。 (0x12B)
[0417/222959.531:WARNING:pe_image_reader.cc(281)] could not read dos header from C:\WINDOWS\SYSTEM32\ntdll.dll
[0417/222959.531:ERROR:process_reader_win.cc(233)] ReadMemory at 0x6d690000 of 64 bytes failed: 仅完成部分的 ReadProcessMemory 或 WriteProcessMemory 请求。 (0x12B)
[0417/222959.531:WARNING:pe_image_reader.cc(281)] could not read dos header from C:\WINDOWS\system32\apphelp.dll
[0417/222959.531:ERROR:process_reader_win.cc(233)] ReadMemory at 0x76be0000 of 64 bytes failed: 仅完成部分的 ReadProcessMemory 或 WriteProcessMemory 请求。 (0x12B)
[0417/222959.531:WARNING:pe_image_reader.cc(281)] could not read dos header from C:\WINDOWS\System32\msvcrt.dll
[0417/222959.531:ERROR:process_reader_win.cc(233)] ReadMemory at 0x76760000 of 64 bytes failed: 仅完成部分的 ReadProcessMemory 或 WriteProcessMemory 请求。 (0x12B)
[0417/222959.531:WARNING:pe_image_reader.cc(281)] could not read dos header from C:\WINDOWS\System32\bcryptPrimitives.dll
[0417/222959.531:ERROR:process_reader_win.cc(233)] ReadMemory at 0x73f80000 of 64 bytes failed: 仅完成部分的 ReadProcessMemory 或 WriteProcessMemory 请求。 (0x12B)
[0417/222959.531:WARNING:pe_image_reader.cc(281)] could not read dos header from C:\WINDOWS\System32\CRYPTBASE.dll
[0417/222959.531:ERROR:process_reader_win.cc(233)] ReadMemory at 0x73f90000 of 64 bytes failed: 仅完成部分的 ReadProcessMemory 或 WriteProcessMemory 请求。 (0x12B)
[0417/222959.531:WARNING:pe_image_reader.cc(281)] could not read dos header from C:\WINDOWS\System32\SspiCli.dll
[0417/222959.531:ERROR:process_reader_win.cc(233)] ReadMemory at 0x76ea0000 of 64 bytes failed: 仅完成部分的 ReadProcessMemory 或 WriteProcessMemory 请求。 (0x12B)
[0417/222959.531:WARNING:pe_image_reader.cc(281)] could not read dos header from C:\WINDOWS\System32\RPCRT4.dll
[0417/222959.531:ERROR:process_reader_win.cc(233)] ReadMemory at 0x75fc0000 of 64 bytes failed: 仅完成部分的 ReadProcessMemory 或 WriteProcessMemory 请求。 (0x12B)
[0417/222959.531:WARNING:pe_image_reader.cc(281)] could not read dos header from C:\WINDOWS\System32\sechost.dll
[0417/222959.532:ERROR:process_reader_win.cc(233)] ReadMemory at 0x76ff0000 of 64 bytes failed: 仅完成部分的 ReadProcessMemory 或 WriteProcessMemory 请求。 (0x12B)
[0417/222959.532:WARNING:pe_image_reader.cc(281)] could not read dos header from C:\WINDOWS\System32\ucrtbase.dll
[0417/222959.532:ERROR:process_reader_win.cc(233)] ReadMemory at 0x77250000 of 64 bytes failed: 仅完成部分的 ReadProcessMemory 或 WriteProcessMemory 请求。 (0x12B)
[0417/222959.532:WARNING:pe_image_reader.cc(281)] could not read dos header from C:\WINDOWS\System32\combase.dll
[0417/222959.532:ERROR:process_reader_win.cc(233)] ReadMemory at 0x77230000 of 64 bytes failed: 仅完成部分的 ReadProcessMemory 或 WriteProcessMemory 请求。 (0x12B)
[0417/222959.532:WARNING:pe_image_reader.cc(281)] could not read dos header from C:\WINDOWS\System32\win32u.dll
[0417/222959.532:ERROR:process_reader_win.cc(233)] ReadMemory at 0x770d0000 of 64 bytes failed: 仅完成部分的 ReadProcessMemory 或 WriteProcessMemory 请求。 (0x12B)
[0417/222959.532:WARNING:pe_image_reader.cc(281)] could not read dos header from C:\WINDOWS\System32\USER32.dll
[0417/222959.532:ERROR:process_reader_win.cc(233)] ReadMemory at 0x74140000 of 64 bytes failed: 仅完成部分的 ReadProcessMemory 或 WriteProcessMemory 请求。 (0x12B)
[0417/222959.532:WARNING:pe_image_reader.cc(281)] could not read dos header from C:\WINDOWS\System32\gdi32full.dll
[0417/222959.532:ERROR:process_reader_win.cc(233)] ReadMemory at 0x76fc0000 of 64 bytes failed: 仅完成部分的 ReadProcessMemory 或 WriteProcessMemory 请求。 (0x12B)
[0417/222959.532:WARNING:pe_image_reader.cc(281)] could not read dos header from C:\WINDOWS\System32\GDI32.dll
[0417/222959.532:ERROR:process_reader_win.cc(233)] ReadMemory at 0x75f90000 of 64 bytes failed: 仅完成部分的 ReadProcessMemory 或 WriteProcessMemory 请求。 (0x12B)
[0417/222959.532:WARNING:pe_image_reader.cc(281)] could not read dos header from C:\WINDOWS\System32\IMM32.DLL
[0417/222959.532:ERROR:process_reader_win.cc(233)] ReadMemory at 0x76f70000 of 64 bytes failed: 仅完成部分的 ReadProcessMemory 或 WriteProcessMemory 请求。 (0x12B)
[0417/222959.532:WARNING:pe_image_reader.cc(281)] could not read dos header from C:\WINDOWS\System32\SHLWAPI.dll
[0417/222959.532:ERROR:process_reader_win.cc(233)] ReadMemory at 0x71b10000 of 64 bytes failed: 仅完成部分的 ReadProcessMemory 或 WriteProcessMemory 请求。 (0x12B)
[0417/222959.532:WARNING:pe_image_reader.cc(281)] could not read dos header from C:\WINDOWS\SYSTEM32\UxTheme.dll
[0417/222959.532:ERROR:process_reader_win.cc(233)] ReadMemory at 0x76710000 of 64 bytes failed: 仅完成部分的 ReadProcessMemory 或 WriteProcessMemory 请求。 (0x12B)
[0417/222959.532:WARNING:pe_image_reader.cc(281)] could not read dos header from C:\WINDOWS\System32\cfgmgr32.dll
[0417/222959.532:ERROR:process_reader_win.cc(233)] ReadMemory at 0x73b30000 of 64 bytes failed: 仅完成部分的 ReadProcessMemory 或 WriteProcessMemory 请求。 (0x12B)
[0417/222959.532:WARNING:pe_image_reader.cc(281)] could not read dos header from C:\WINDOWS\SYSTEM32\WINMMBASE.dll
[0417/222959.532:ERROR:process_reader_win.cc(233)] ReadMemory at 0x73b60000 of 64 bytes failed: 仅完成部分的 ReadProcessMemory 或 WriteProcessMemory 请求。 (0x12B)
[0417/222959.532:WARNING:pe_image_reader.cc(281)] could not read dos header from C:\WINDOWS\SYSTEM32\WINMM.dll
[0417/222959.532:ERROR:process_reader_win.cc(233)] ReadMemory at 0x73a00000 of 64 bytes failed: 仅完成部分的 ReadProcessMemory 或 WriteProcessMemory 请求。 (0x12B)
[0417/222959.532:WARNING:pe_image_reader.cc(281)] could not read dos header from C:\WINDOWS\SYSTEM32\samcli.dll
[0417/222959.532:ERROR:process_reader_win.cc(233)] ReadMemory at 0x73fc0000 of 64 bytes failed: 仅完成部分的 ReadProcessMemory 或 WriteProcessMemory 请求。 (0x12B)
[0417/222959.532:WARNING:pe_image_reader.cc(281)] could not read dos header from C:\WINDOWS\System32\ole32.dll
[0417/222959.532:ERROR:process_reader_win.cc(233)] ReadMemory at 0x74650000 of 64 bytes failed: 仅完成部分的 ReadProcessMemory 或 WriteProcessMemory 请求。 (0x12B)
[0417/222959.532:WARNING:pe_image_reader.cc(281)] could not read dos header from C:\WINDOWS\System32\msvcp_win.dll
[0417/222959.532:ERROR:process_reader_win.cc(233)] ReadMemory at 0x74310000 of 64 bytes failed: 仅完成部分的 ReadProcessMemory 或 WriteProcessMemory 请求。 (0x12B)
[0417/222959.532:WARNING:pe_image_reader.cc(281)] could not read dos header from C:\WINDOWS\System32\OLEAUT32.dll
[0417/222959.532:ERROR:process_reader_win.cc(233)] ReadMemory at 0x75da0000 of 64 bytes failed: 仅完成部分的 ReadProcessMemory 或 WriteProcessMemory 请求。 (0x12B)
[0417/222959.532:WARNING:pe_image_reader.cc(281)] could not read dos header from C:\WINDOWS\System32\advapi32.dll
[0417/222959.532:ERROR:process_reader_win.cc(233)] ReadMemory at 0x710a0000 of 64 bytes failed: 仅完成部分的 ReadProcessMemory 或 WriteProcessMemory 请求。 (0x12B)
[0417/222959.532:WARNING:pe_image_reader.cc(281)] could not read dos header from C:\WINDOWS\SYSTEM32\MSACM32.dll
[0417/222959.532:ERROR:process_reader_win.cc(233)] ReadMemory at 0x73f60000 of 64 bytes failed: 仅完成部分的 ReadProcessMemory 或 WriteProcessMemory 请求。 (0x12B)
[0417/222959.532:WARNING:pe_image_reader.cc(281)] could not read dos header from C:\WINDOWS\SYSTEM32\VERSION.dll
[0417/222959.532:ERROR:process_reader_win.cc(233)] ReadMemory at 0x75f30000 of 64 bytes failed: 仅完成部分的 ReadProcessMemory 或 WriteProcessMemory 请求。 (0x12B)
[0417/222959.532:WARNING:pe_image_reader.cc(281)] could not read dos header from C:\WINDOWS\System32\powrprof.dll
[0417/222959.532:ERROR:process_reader_win.cc(233)] ReadMemory at 0x76750000 of 64 bytes failed: 仅完成部分的 ReadProcessMemory 或 WriteProcessMemory 请求。 (0x12B)
[0417/222959.532:WARNING:pe_image_reader.cc(281)] could not read dos header from C:\WINDOWS\System32\kernel.appcore.dll
[0417/222959.532:ERROR:process_reader_win.cc(233)] ReadMemory at 0x743b0000 of 64 bytes failed: 仅完成部分的 ReadProcessMemory 或 WriteProcessMemory 请求。 (0x12B)
[0417/222959.532:WARNING:pe_image_reader.cc(281)] could not read dos header from C:\WINDOWS\System32\shcore.dll
[0417/222959.532:ERROR:process_reader_win.cc(233)] ReadMemory at 0x75e20000 of 64 bytes failed: 仅完成部分的 ReadProcessMemory 或 WriteProcessMemory 请求。 (0x12B)
[0417/222959.532:WARNING:pe_image_reader.cc(281)] could not read dos header from C:\WINDOWS\System32\profapi.dll
[0417/222959.532:ERROR:process_reader_win.cc(233)] ReadMemory at 0x76150000 of 64 bytes failed: 仅完成部分的 ReadProcessMemory 或 WriteProcessMemory 请求。 (0x12B)
[0417/222959.532:WARNING:pe_image_reader.cc(281)] could not read dos header from C:\WINDOWS\System32\windows.storage.dll
[0417/222959.532:ERROR:process_reader_win.cc(233)] ReadMemory at 0x74880000 of 64 bytes failed: 仅完成部分的 ReadProcessMemory 或 WriteProcessMemory 请求。 (0x12B)
[0417/222959.532:WARNING:pe_image_reader.cc(281)] could not read dos header from C:\WINDOWS\System32\SHELL32.dll
[0417/222959.532:ERROR:process_reader_win.cc(233)] ReadMemory at 0x73f40000 of 64 bytes failed: 仅完成部分的 ReadProcessMemory 或 WriteProcessMemory 请求。 (0x12B)
[0417/222959.532:WARNING:pe_image_reader.cc(281)] could not read dos header from C:\WINDOWS\SYSTEM32\USERENV.dll
[0417/222959.532:ERROR:process_reader_win.cc(233)] ReadMemory at 0x71bc0000 of 64 bytes failed: 仅完成部分的 ReadProcessMemory 或 WriteProcessMemory 请求。 (0x12B)
[0417/222959.532:WARNING:pe_image_reader.cc(281)] could not read dos header from C:\WINDOWS\SYSTEM32\dwmapi.dll
[0417/222959.532:ERROR:process_reader_win.cc(233)] ReadMemory at 0x72520000 of 64 bytes failed: 仅完成部分的 ReadProcessMemory 或 WriteProcessMemory 请求。 (0x12B)
[0417/222959.532:WARNING:pe_image_reader.cc(281)] could not read dos header from C:\WINDOWS\SYSTEM32\iertutil.dll
[0417/222959.532:ERROR:process_reader_win.cc(233)] ReadMemory at 0x718f0000 of 64 bytes failed: 仅完成部分的 ReadProcessMemory 或 WriteProcessMemory 请求。 (0x12B)
[0417/222959.532:WARNING:pe_image_reader.cc(281)] could not read dos header from C:\WINDOWS\SYSTEM32\urlmon.dll
[0417/222959.532:ERROR:process_reader_win.cc(233)] ReadMemory at 0x72a60000 of 64 bytes failed: 仅完成部分的 ReadProcessMemory 或 WriteProcessMemory 请求。 (0x12B)
[0417/222959.532:WARNING:pe_image_reader.cc(281)] could not read dos header from C:\WINDOWS\SYSTEM32\bcrypt.dll
[0417/222959.532:ERROR:process_reader_win.cc(233)] ReadMemory at 0x71610000 of 64 bytes failed: 仅完成部分的 ReadProcessMemory 或 WriteProcessMemory 请求。 (0x12B)
[0417/222959.532:WARNING:pe_image_reader.cc(281)] could not read dos header from C:\WINDOWS\SYSTEM32\WINSPOOL.DRV
[0417/222959.533:ERROR:process_reader_win.cc(233)] ReadMemory at 0x71b90000 of 64 bytes failed: 仅完成部分的 ReadProcessMemory 或 WriteProcessMemory 请求。 (0x12B)
[0417/222959.533:WARNING:pe_image_reader.cc(281)] could not read dos header from C:\WINDOWS\SYSTEM32\MPR.dll
[0417/222959.533:ERROR:process_reader_win.cc(233)] ReadMemory at 0x6bdd0000 of 64 bytes failed: 仅完成部分的 ReadProcessMemory 或 WriteProcessMemory 请求。 (0x12B)
[0417/222959.533:WARNING:pe_image_reader.cc(281)] could not read dos header from C:\Program Files (x86)\Google\Chrome\Application\57.0.2987.98\chrome_elf.dll
[0417/222959.533:ERROR:process_reader_win.cc(233)] ReadMemory at 0x767c0000 of 64 bytes failed: 仅完成部分的 ReadProcessMemory 或 WriteProcessMemory 请求。 (0x12B)
[0417/222959.533:WARNING:pe_image_reader.cc(281)] could not read dos header from C:\WINDOWS\System32\PSAPI.DLL
[0417/222959.533:ERROR:process_reader_win.cc(233)] ReadMemory at 0x73470000 of 64 bytes failed: 仅完成部分的 ReadProcessMemory 或 WriteProcessMemory 请求。 (0x12B)
[0417/222959.533:WARNING:pe_image_reader.cc(281)] could not read dos header from C:\WINDOWS\SYSTEM32\WINHTTP.dll
[0417/222959.533:ERROR:process_reader_win.cc(233)] ReadMemory at 0x6b2f0000 of 64 bytes failed: 仅完成部分的 ReadProcessMemory 或 WriteProcessMemory 请求。 (0x12B)
[0417/222959.533:WARNING:pe_image_reader.cc(281)] could not read dos header from C:\WINDOWS\SYSTEM32\ninput.dll
[0417/222959.533:ERROR:process_reader_win.cc(233)] ReadMemory at 0x742a0000 of 64 bytes failed: 仅完成部分的 ReadProcessMemory 或 WriteProcessMemory 请求。 (0x12B)
[0417/222959.533:WARNING:pe_image_reader.cc(281)] could not read dos header from C:\WINDOWS\System32\WS2_32.dll
[0417/222959.533:ERROR:process_reader_win.cc(233)] ReadMemory at 0x73e00000 of 64 bytes failed: 仅完成部分的 ReadProcessMemory 或 WriteProcessMemory 请求。 (0x12B)
[0417/222959.533:WARNING:pe_image_reader.cc(281)] could not read dos header from C:\WINDOWS\SYSTEM32\NETAPI32.dll
[0417/222959.533:ERROR:process_reader_win.cc(233)] ReadMemory at 0x72a80000 of 64 bytes failed: 仅完成部分的 ReadProcessMemory 或 WriteProcessMemory 请求。 (0x12B)
[0417/222959.533:WARNING:pe_image_reader.cc(281)] could not read dos header from C:\WINDOWS\SYSTEM32\WKSCLI.DLL
[0417/222959.533:ERROR:process_reader_win.cc(233)] ReadMemory at 0x739f0000 of 64 bytes failed: 仅完成部分的 ReadProcessMemory 或 WriteProcessMemory 请求。 (0x12B)
[0417/222959.533:WARNING:pe_image_reader.cc(281)] could not read dos header from C:\WINDOWS\SYSTEM32\NETUTILS.DLL
[0417/222959.533:ERROR:process_reader_win.cc(233)] ReadMemory at 0x70340000 of 64 bytes failed: 仅完成部分的 ReadProcessMemory 或 WriteProcessMemory 请求。 (0x12B)
[0417/222959.533:WARNING:pe_image_reader.cc(281)] could not read dos header from C:\Program Files (x86)\360\360Safe\safemon\safemon.dll
[0417/222959.533:ERROR:process_reader_win.cc(233)] ReadMemory at 0x6fd30000 of 64 bytes failed: 仅完成部分的 ReadProcessMemory 或 WriteProcessMemory 请求。 (0x12B)
[0417/222959.533:WARNING:pe_image_reader.cc(281)] could not read dos header from C:\Program Files (x86)\360\360Safe\safemon\iNetSafe.dll
[0417/222959.533:ERROR:process_reader_win.cc(233)] ReadMemory at 0x709a0000 of 64 bytes failed: 仅完成部分的 ReadProcessMemory 或 WriteProcessMemory 请求。 (0x12B)
[0417/222959.533:WARNING:pe_image_reader.cc(281)] could not read dos header from C:\WINDOWS\WinSxS\x86_microsoft.windows.common-controls_6595b64144ccf1df_6.0.14393.953_none_89c2555adb023171\COMCTL32.dll
[0417/222959.533:ERROR:process_reader_win.cc(233)] ReadMemory at 0x75e40000 of 64 bytes failed: 仅完成部分的 ReadProcessMemory 或 WriteProcessMemory 请求。 (0x12B)
[0417/222959.533:WARNING:pe_image_reader.cc(281)] could not read dos header from C:\WINDOWS\System32\COMDLG32.dll
[0417/222959.533:ERROR:process_reader_win.cc(233)] ReadMemory at 0x73750000 of 64 bytes failed: 仅完成部分的 ReadProcessMemory 或 WriteProcessMemory 请求。 (0x12B)
[0417/222959.533:WARNING:pe_image_reader.cc(281)] could not read dos header from C:\WINDOWS\SYSTEM32\dbghelp.dll
[0417/222959.533:ERROR:process_reader_win.cc(233)] ReadMemory at 0x715c0000 of 64 bytes failed: 仅完成部分的 ReadProcessMemory 或 WriteProcessMemory 请求。 (0x12B)
[0417/222959.533:WARNING:pe_image_reader.cc(281)] could not read dos header from C:\WINDOWS\SYSTEM32\USP10.dll
[0417/222959.533:ERROR:process_reader_win.cc(233)] ReadMemory at 0x73e20000 of 64 bytes failed: 仅完成部分的 ReadProcessMemory 或 WriteProcessMemory 请求。 (0x12B)
[0417/222959.533:WARNING:pe_image_reader.cc(281)] could not read dos header from C:\WINDOWS\SYSTEM32\IPHLPAPI.DLL
[0417/222959.533:ERROR:process_reader_win.cc(233)] ReadMemory at 0x73ab0000 of 64 bytes failed: 仅完成部分的 ReadProcessMemory 或 WriteProcessMemory 请求。 (0x12B)
[0417/222959.533:WARNING:pe_image_reader.cc(281)] could not read dos header from C:\WINDOWS\SYSTEM32\Secur32.dll
[0417/222959.533:ERROR:process_reader_win.cc(233)] ReadMemory at 0x6ac60000 of 64 bytes failed: 仅完成部分的 ReadProcessMemory 或 WriteProcessMemory 请求。 (0x12B)
[0417/222959.533:WARNING:pe_image_reader.cc(281)] could not read dos header from C:\WINDOWS\SYSTEM32\DWrite.dll
[0417/222959.533:ERROR:process_reader_win.cc(233)] ReadMemory at 0x6f9f0000 of 64 bytes failed: 仅完成部分的 ReadProcessMemory 或 WriteProcessMemory 请求。 (0x12B)
[0417/222959.533:WARNING:pe_image_reader.cc(281)] could not read dos header from C:\WINDOWS\SYSTEM32\FONTSUB.dll
[0417/222959.533:ERROR:process_reader_win.cc(233)] ReadMemory at 0x75e30000 of 64 bytes failed: 仅完成部分的 ReadProcessMemory 或 WriteProcessMemory 请求。 (0x12B)
[0417/222959.533:WARNING:pe_image_reader.cc(281)] could not read dos header from C:\WINDOWS\System32\MSASN1.dll
[0417/222959.533:ERROR:process_reader_win.cc(233)] ReadMemory at 0x76d20000 of 64 bytes failed: 仅完成部分的 ReadProcessMemory 或 WriteProcessMemory 请求。 (0x12B)
[0417/222959.533:WARNING:pe_image_reader.cc(281)] could not read dos header from C:\WINDOWS\System32\CRYPT32.dll
[0417/222959.533:ERROR:process_reader_win.cc(233)] ReadMemory at 0x766c0000 of 64 bytes failed: 仅完成部分的 ReadProcessMemory 或 WriteProcessMemory 请求。 (0x12B)
[0417/222959.533:WARNING:pe_image_reader.cc(281)] could not read dos header from C:\WINDOWS\System32\WINTRUST.dll
[0417/222959.533:ERROR:process_reader_win.cc(233)] ReadMemory at 0x54d20000 of 64 bytes failed: 仅完成部分的 ReadProcessMemory 或 WriteProcessMemory 请求。 (0x12B)
[0417/222959.533:WARNING:pe_image_reader.cc(281)] could not read dos header from C:\Program Files (x86)\Google\Chrome\Application\57.0.2987.98\chrome_child.dll
[0417/222959.533:ERROR:process_reader_win.cc(233)] ReadMemory at 0xe90000 of 64 bytes failed: 仅完成部分的 ReadProcessMemory 或 WriteProcessMemory 请求。 (0x12B)
[0417/222959.533:WARNING:pe_image_reader.cc(281)] could not read dos header from C:\Program Files (x86)\Google\Chrome\Application\chrome.exe
[0417/222959.533:ERROR:process_reader_win.cc(233)] ReadMemory at 0x746d0000 of 64 bytes failed: 仅完成部分的 ReadProcessMemory 或 WriteProcessMemory 请求。 (0x12B)
[0417/222959.533:WARNING:pe_image_reader.cc(281)] could not read dos header from C:\WINDOWS\System32\KERNELBASE.dll
[0417/222959.533:ERROR:process_reader_win.cc(233)] ReadMemory at 0x75c60000 of 64 bytes failed: 仅完成部分的 ReadProcessMemory 或 WriteProcessMemory 请求。 (0x12B)
[0417/222959.533:WARNING:pe_image_reader.cc(281)] could not read dos header from C:\WINDOWS\System32\KERNEL32.DLL
[0417/222959.533:ERROR:process_reader_win.cc(233)] ReadMemory at 0x693d0000 of 64 bytes failed: 仅完成部分的 ReadProcessMemory 或 WriteProcessMemory 请求。 (0x12B)
[0417/222959.534:WARNING:pe_image_reader.cc(281)] could not read dos header from C:\WINDOWS\AppPatch\AcGenral.dll
[0417/222959.534:ERROR:process_reader_win.cc(233)] ReadMemory at 0x774d0000 of 64 bytes failed: 仅完成部分的 ReadProcessMemory 或 WriteProcessMemory 请求。 (0x12B)
[0417/222959.534:WARNING:pe_image_reader.cc(281)] could not read dos header from C:\WINDOWS\SYSTEM32\ntdll.dll
[0417/222959.534:ERROR:process_reader_win.cc(233)] ReadMemory at 0x6d690000 of 64 bytes failed: 仅完成部分的 ReadProcessMemory 或 WriteProcessMemory 请求。 (0x12B)
[0417/222959.534:WARNING:pe_image_reader.cc(281)] could not read dos header from C:\WINDOWS\system32\apphelp.dll
[0417/222959.534:ERROR:process_reader_win.cc(233)] ReadMemory at 0x76be0000 of 64 bytes failed: 仅完成部分的 ReadProcessMemory 或 WriteProcessMemory 请求。 (0x12B)
[0417/222959.534:WARNING:pe_image_reader.cc(281)] could not read dos header from C:\WINDOWS\System32\msvcrt.dll
[0417/222959.534:ERROR:process_reader_win.cc(233)] ReadMemory at 0x76760000 of 64 bytes failed: 仅完成部分的 ReadProcessMemory 或 WriteProcessMemory 请求。 (0x12B)
[0417/222959.534:WARNING:pe_image_reader.cc(281)] could not read dos header from C:\WINDOWS\System32\bcryptPrimitives.dll
[0417/222959.534:ERROR:process_reader_win.cc(233)] ReadMemory at 0x73f80000 of 64 bytes failed: 仅完成部分的 ReadProcessMemory 或 WriteProcessMemory 请求。 (0x12B)
[0417/222959.534:WARNING:pe_image_reader.cc(281)] could not read dos header from C:\WINDOWS\System32\CRYPTBASE.dll
[0417/222959.534:ERROR:process_reader_win.cc(233)] ReadMemory at 0x73f90000 of 64 bytes failed: 仅完成部分的 ReadProcessMemory 或 WriteProcessMemory 请求。 (0x12B)
[0417/222959.534:WARNING:pe_image_reader.cc(281)] could not read dos header from C:\WINDOWS\System32\SspiCli.dll
[0417/222959.534:ERROR:process_reader_win.cc(233)] ReadMemory at 0x76ea0000 of 64 bytes failed: 仅完成部分的 ReadProcessMemory 或 WriteProcessMemory 请求。 (0x12B)
[0417/222959.534:WARNING:pe_image_reader.cc(281)] could not read dos header from C:\WINDOWS\System32\RPCRT4.dll
[0417/222959.534:ERROR:process_reader_win.cc(233)] ReadMemory at 0x75fc0000 of 64 bytes failed: 仅完成部分的 ReadProcessMemory 或 WriteProcessMemory 请求。 (0x12B)
[0417/222959.534:WARNING:pe_image_reader.cc(281)] could not read dos header from C:\WINDOWS\System32\sechost.dll
[0417/222959.534:ERROR:process_reader_win.cc(233)] ReadMemory at 0x76ff0000 of 64 bytes failed: 仅完成部分的 ReadProcessMemory 或 WriteProcessMemory 请求。 (0x12B)
[0417/222959.534:WARNING:pe_image_reader.cc(281)] could not read dos header from C:\WINDOWS\System32\ucrtbase.dll
[0417/222959.534:ERROR:process_reader_win.cc(233)] ReadMemory at 0x77250000 of 64 bytes failed: 仅完成部分的 ReadProcessMemory 或 WriteProcessMemory 请求。 (0x12B)
[0417/222959.534:WARNING:pe_image_reader.cc(281)] could not read dos header from C:\WINDOWS\System32\combase.dll
[0417/222959.534:ERROR:process_reader_win.cc(233)] ReadMemory at 0x77230000 of 64 bytes failed: 仅完成部分的 ReadProcessMemory 或 WriteProcessMemory 请求。 (0x12B)
[0417/222959.534:WARNING:pe_image_reader.cc(281)] could not read dos header from C:\WINDOWS\System32\win32u.dll
[0417/222959.534:ERROR:process_reader_win.cc(233)] ReadMemory at 0x770d0000 of 64 bytes failed: 仅完成部分的 ReadProcessMemory 或 WriteProcessMemory 请求。 (0x12B)
[0417/222959.535:WARNING:pe_image_reader.cc(281)] could not read dos header from C:\WINDOWS\System32\USER32.dll
[0417/222959.535:ERROR:process_reader_win.cc(233)] ReadMemory at 0x74140000 of 64 bytes failed: 仅完成部分的 ReadProcessMemory 或 WriteProcessMemory 请求。 (0x12B)
[0417/222959.535:WARNING:pe_image_reader.cc(281)] could not read dos header from C:\WINDOWS\System32\gdi32full.dll
[0417/222959.535:ERROR:process_reader_win.cc(233)] ReadMemory at 0x76fc0000 of 64 bytes failed: 仅完成部分的 ReadProcessMemory 或 WriteProcessMemory 请求。 (0x12B)
[0417/222959.535:WARNING:pe_image_reader.cc(281)] could not read dos header from C:\WINDOWS\System32\GDI32.dll
[0417/222959.535:ERROR:process_reader_win.cc(233)] ReadMemory at 0x75f90000 of 64 bytes failed: 仅完成部分的 ReadProcessMemory 或 WriteProcessMemory 请求。 (0x12B)
[0417/222959.535:WARNING:pe_image_reader.cc(281)] could not read dos header from C:\WINDOWS\System32\IMM32.DLL
[0417/222959.535:ERROR:process_reader_win.cc(233)] ReadMemory at 0x76f70000 of 64 bytes failed: 仅完成部分的 ReadProcessMemory 或 WriteProcessMemory 请求。 (0x12B)
[0417/222959.535:WARNING:pe_image_reader.cc(281)] could not read dos header from C:\WINDOWS\System32\SHLWAPI.dll
[0417/222959.535:ERROR:process_reader_win.cc(233)] ReadMemory at 0x71b10000 of 64 bytes failed: 仅完成部分的 ReadProcessMemory 或 WriteProcessMemory 请求。 (0x12B)
[0417/222959.535:WARNING:pe_image_reader.cc(281)] could not read dos header from C:\WINDOWS\SYSTEM32\UxTheme.dll
[0417/222959.535:ERROR:process_reader_win.cc(233)] ReadMemory at 0x76710000 of 64 bytes failed: 仅完成部分的 ReadProcessMemory 或 WriteProcessMemory 请求。 (0x12B)
[0417/222959.535:WARNING:pe_image_reader.cc(281)] could not read dos header from C:\WINDOWS\System32\cfgmgr32.dll
[0417/222959.535:ERROR:process_reader_win.cc(233)] ReadMemory at 0x73b30000 of 64 bytes failed: 仅完成部分的 ReadProcessMemory 或 WriteProcessMemory 请求。 (0x12B)
[0417/222959.535:WARNING:pe_image_reader.cc(281)] could not read dos header from C:\WINDOWS\SYSTEM32\WINMMBASE.dll
[0417/222959.535:ERROR:process_reader_win.cc(233)] ReadMemory at 0x73b60000 of 64 bytes failed: 仅完成部分的 ReadProcessMemory 或 WriteProcessMemory 请求。 (0x12B)
[0417/222959.535:WARNING:pe_image_reader.cc(281)] could not read dos header from C:\WINDOWS\SYSTEM32\WINMM.dll
[0417/222959.535:ERROR:process_reader_win.cc(233)] ReadMemory at 0x73a00000 of 64 bytes failed: 仅完成部分的 ReadProcessMemory 或 WriteProcessMemory 请求。 (0x12B)
[0417/222959.535:WARNING:pe_image_reader.cc(281)] could not read dos header from C:\WINDOWS\SYSTEM32\samcli.dll
[0417/222959.535:ERROR:process_reader_win.cc(233)] ReadMemory at 0x73fc0000 of 64 bytes failed: 仅完成部分的 ReadProcessMemory 或 WriteProcessMemory 请求。 (0x12B)
[0417/222959.535:WARNING:pe_image_reader.cc(281)] could not read dos header from C:\WINDOWS\System32\ole32.dll
[0417/222959.535:ERROR:process_reader_win.cc(233)] ReadMemory at 0x74650000 of 64 bytes failed: 仅完成部分的 ReadProcessMemory 或 WriteProcessMemory 请求。 (0x12B)
[0417/222959.535:WARNING:pe_image_reader.cc(281)] could not read dos header from C:\WINDOWS\System32\msvcp_win.dll
[0417/222959.535:ERROR:process_reader_win.cc(233)] ReadMemory at 0x74310000 of 64 bytes failed: 仅完成部分的 ReadProcessMemory 或 WriteProcessMemory 请求。 (0x12B)
[0417/222959.535:WARNING:pe_image_reader.cc(281)] could not read dos header from C:\WINDOWS\System32\OLEAUT32.dll
[0417/222959.535:ERROR:process_reader_win.cc(233)] ReadMemory at 0x75da0000 of 64 bytes failed: 仅完成部分的 ReadProcessMemory 或 WriteProcessMemory 请求。 (0x12B)
[0417/222959.535:WARNING:pe_image_reader.cc(281)] could not read dos header from C:\WINDOWS\System32\advapi32.dll
[0417/222959.535:ERROR:process_reader_win.cc(233)] ReadMemory at 0x710a0000 of 64 bytes failed: 仅完成部分的 ReadProcessMemory 或 WriteProcessMemory 请求。 (0x12B)
[0417/222959.535:WARNING:pe_image_reader.cc(281)] could not read dos header from C:\WINDOWS\SYSTEM32\MSACM32.dll
[0417/222959.535:ERROR:process_reader_win.cc(233)] ReadMemory at 0x73f60000 of 64 bytes failed: 仅完成部分的 ReadProcessMemory 或 WriteProcessMemory 请求。 (0x12B)
[0417/222959.535:WARNING:pe_image_reader.cc(281)] could not read dos header from C:\WINDOWS\SYSTEM32\VERSION.dll
[0417/222959.535:ERROR:process_reader_win.cc(233)] ReadMemory at 0x75f30000 of 64 bytes failed: 仅完成部分的 ReadProcessMemory 或 WriteProcessMemory 请求。 (0x12B)
[0417/222959.535:WARNING:pe_image_reader.cc(281)] could not read dos header from C:\WINDOWS\System32\powrprof.dll
[0417/222959.535:ERROR:process_reader_win.cc(233)] ReadMemory at 0x76750000 of 64 bytes failed: 仅完成部分的 ReadProcessMemory 或 WriteProcessMemory 请求。 (0x12B)
[0417/222959.535:WARNING:pe_image_reader.cc(281)] could not read dos header from C:\WINDOWS\System32\kernel.appcore.dll
[0417/222959.535:ERROR:process_reader_win.cc(233)] ReadMemory at 0x743b0000 of 64 bytes failed: 仅完成部分的 ReadProcessMemory 或 WriteProcessMemory 请求。 (0x12B)
[0417/222959.535:WARNING:pe_image_reader.cc(281)] could not read dos header from C:\WINDOWS\System32\shcore.dll
[0417/222959.535:ERROR:process_reader_win.cc(233)] ReadMemory at 0x75e20000 of 64 bytes failed: 仅完成部分的 ReadProcessMemory 或 WriteProcessMemory 请求。 (0x12B)
[0417/222959.535:WARNING:pe_image_reader.cc(281)] could not read dos header from C:\WINDOWS\System32\profapi.dll
[0417/222959.535:ERROR:process_reader_win.cc(233)] ReadMemory at 0x76150000 of 64 bytes failed: 仅完成部分的 ReadProcessMemory 或 WriteProcessMemory 请求。 (0x12B)
[0417/222959.535:WARNING:pe_image_reader.cc(281)] could not read dos header from C:\WINDOWS\System32\windows.storage.dll
[0417/222959.535:ERROR:process_reader_win.cc(233)] ReadMemory at 0x74880000 of 64 bytes failed: 仅完成部分的 ReadProcessMemory 或 WriteProcessMemory 请求。 (0x12B)
[0417/222959.535:WARNING:pe_image_reader.cc(281)] could not read dos header from C:\WINDOWS\System32\SHELL32.dll
[0417/222959.535:ERROR:process_reader_win.cc(233)] ReadMemory at 0x73f40000 of 64 bytes failed: 仅完成部分的 ReadProcessMemory 或 WriteProcessMemory 请求。 (0x12B)
[0417/222959.536:WARNING:pe_image_reader.cc(281)] could not read dos header from C:\WINDOWS\SYSTEM32\USERENV.dll
[0417/222959.536:ERROR:process_reader_win.cc(233)] ReadMemory at 0x71bc0000 of 64 bytes failed: 仅完成部分的 ReadProcessMemory 或 WriteProcessMemory 请求。 (0x12B)
[0417/222959.536:WARNING:pe_image_reader.cc(281)] could not read dos header from C:\WINDOWS\SYSTEM32\dwmapi.dll
[0417/222959.536:ERROR:process_reader_win.cc(233)] ReadMemory at 0x72520000 of 64 bytes failed: 仅完成部分的 ReadProcessMemory 或 WriteProcessMemory 请求。 (0x12B)
[0417/222959.536:WARNING:pe_image_reader.cc(281)] could not read dos header from C:\WINDOWS\SYSTEM32\iertutil.dll
[0417/222959.536:ERROR:process_reader_win.cc(233)] ReadMemory at 0x718f0000 of 64 bytes failed: 仅完成部分的 ReadProcessMemory 或 WriteProcessMemory 请求。 (0x12B)
[0417/222959.536:WARNING:pe_image_reader.cc(281)] could not read dos header from C:\WINDOWS\SYSTEM32\urlmon.dll
[0417/222959.536:ERROR:process_reader_win.cc(233)] ReadMemory at 0x72a60000 of 64 bytes failed: 仅完成部分的 ReadProcessMemory 或 WriteProcessMemory 请求。 (0x12B)
[0417/222959.536:WARNING:pe_image_reader.cc(281)] could not read dos header from C:\WINDOWS\SYSTEM32\bcrypt.dll
[0417/222959.536:ERROR:process_reader_win.cc(233)] ReadMemory at 0x71610000 of 64 bytes failed: 仅完成部分的 ReadProcessMemory 或 WriteProcessMemory 请求。 (0x12B)
[0417/222959.536:WARNING:pe_image_reader.cc(281)] could not read dos header from C:\WINDOWS\SYSTEM32\WINSPOOL.DRV
[0417/222959.536:ERROR:process_reader_win.cc(233)] ReadMemory at 0x71b90000 of 64 bytes failed: 仅完成部分的 ReadProcessMemory 或 WriteProcessMemory 请求。 (0x12B)
[0417/222959.536:WARNING:pe_image_reader.cc(281)] could not read dos header from C:\WINDOWS\SYSTEM32\MPR.dll
[0417/222959.536:ERROR:process_reader_win.cc(233)] ReadMemory at 0x6bdd0000 of 64 bytes failed: 仅完成部分的 ReadProcessMemory 或 WriteProcessMemory 请求。 (0x12B)
[0417/222959.536:WARNING:pe_image_reader.cc(281)] could not read dos header from C:\Program Files (x86)\Google\Chrome\Application\57.0.2987.98\chrome_elf.dll
[0417/222959.536:ERROR:process_reader_win.cc(233)] ReadMemory at 0x767c0000 of 64 bytes failed: 仅完成部分的 ReadProcessMemory 或 WriteProcessMemory 请求。 (0x12B)
[0417/222959.536:WARNING:pe_image_reader.cc(281)] could not read dos header from C:\WINDOWS\System32\PSAPI.DLL
[0417/222959.536:ERROR:process_reader_win.cc(233)] ReadMemory at 0x73470000 of 64 bytes failed: 仅完成部分的 ReadProcessMemory 或 WriteProcessMemory 请求。 (0x12B)
[0417/222959.536:WARNING:pe_image_reader.cc(281)] could not read dos header from C:\WINDOWS\SYSTEM32\WINHTTP.dll
[0417/222959.536:ERROR:process_reader_win.cc(233)] ReadMemory at 0x6b2f0000 of 64 bytes failed: 仅完成部分的 ReadProcessMemory 或 WriteProcessMemory 请求。 (0x12B)
[0417/222959.536:WARNING:pe_image_reader.cc(281)] could not read dos header from C:\WINDOWS\SYSTEM32\ninput.dll
[0417/222959.536:ERROR:process_reader_win.cc(233)] ReadMemory at 0x742a0000 of 64 bytes failed: 仅完成部分的 ReadProcessMemory 或 WriteProcessMemory 请求。 (0x12B)
[0417/222959.536:WARNING:pe_image_reader.cc(281)] could not read dos header from C:\WINDOWS\System32\WS2_32.dll
[0417/222959.536:ERROR:process_reader_win.cc(233)] ReadMemory at 0x73e00000 of 64 bytes failed: 仅完成部分的 ReadProcessMemory 或 WriteProcessMemory 请求。 (0x12B)
[0417/222959.536:WARNING:pe_image_reader.cc(281)] could not read dos header from C:\WINDOWS\SYSTEM32\NETAPI32.dll
[0417/222959.536:ERROR:process_reader_win.cc(233)] ReadMemory at 0x72a80000 of 64 bytes failed: 仅完成部分的 ReadProcessMemory 或 WriteProcessMemory 请求。 (0x12B)
[0417/222959.536:WARNING:pe_image_reader.cc(281)] could not read dos header from C:\WINDOWS\SYSTEM32\WKSCLI.DLL
[0417/222959.536:ERROR:process_reader_win.cc(233)] ReadMemory at 0x739f0000 of 64 bytes failed: 仅完成部分的 ReadProcessMemory 或 WriteProcessMemory 请求。 (0x12B)
[0417/222959.536:WARNING:pe_image_reader.cc(281)] could not read dos header from C:\WINDOWS\SYSTEM32\NETUTILS.DLL
[0417/222959.536:ERROR:process_reader_win.cc(233)] ReadMemory at 0x70340000 of 64 bytes failed: 仅完成部分的 ReadProcessMemory 或 WriteProcessMemory 请求。 (0x12B)
[0417/222959.536:WARNING:pe_image_reader.cc(281)] could not read dos header from C:\Program Files (x86)\360\360Safe\safemon\safemon.dll
[0417/222959.536:ERROR:process_reader_win.cc(233)] ReadMemory at 0x6fd30000 of 64 bytes failed: 仅完成部分的 ReadProcessMemory 或 WriteProcessMemory 请求。 (0x12B)
[0417/222959.536:WARNING:pe_image_reader.cc(281)] could not read dos header from C:\Program Files (x86)\360\360Safe\safemon\iNetSafe.dll
[0417/222959.536:ERROR:process_reader_win.cc(233)] ReadMemory at 0x709a0000 of 64 bytes failed: 仅完成部分的 ReadProcessMemory 或 WriteProcessMemory 请求。 (0x12B)
[0417/222959.536:WARNING:pe_image_reader.cc(281)] could not read dos header from C:\WINDOWS\WinSxS\x86_microsoft.windows.common-controls_6595b64144ccf1df_6.0.14393.953_none_89c2555adb023171\COMCTL32.dll
[0417/222959.536:ERROR:process_reader_win.cc(233)] ReadMemory at 0x75e40000 of 64 bytes failed: 仅完成部分的 ReadProcessMemory 或 WriteProcessMemory 请求。 (0x12B)
[0417/222959.536:WARNING:pe_image_reader.cc(281)] could not read dos header from C:\WINDOWS\System32\COMDLG32.dll
[0417/222959.536:ERROR:process_reader_win.cc(233)] ReadMemory at 0x73750000 of 64 bytes failed: 仅完成部分的 ReadProcessMemory 或 WriteProcessMemory 请求。 (0x12B)
[0417/222959.536:WARNING:pe_image_reader.cc(281)] could not read dos header from C:\WINDOWS\SYSTEM32\dbghelp.dll
[0417/222959.536:ERROR:process_reader_win.cc(233)] ReadMemory at 0x715c0000 of 64 bytes failed: 仅完成部分的 ReadProcessMemory 或 WriteProcessMemory 请求。 (0x12B)
[0417/222959.536:WARNING:pe_image_reader.cc(281)] could not read dos header from C:\WINDOWS\SYSTEM32\USP10.dll
[0417/222959.536:ERROR:process_reader_win.cc(233)] ReadMemory at 0x73e20000 of 64 bytes failed: 仅完成部分的 ReadProcessMemory 或 WriteProcessMemory 请求。 (0x12B)
[0417/222959.536:WARNING:pe_image_reader.cc(281)] could not read dos header from C:\WINDOWS\SYSTEM32\IPHLPAPI.DLL
[0417/222959.536:ERROR:process_reader_win.cc(233)] ReadMemory at 0x73ab0000 of 64 bytes failed: 仅完成部分的 ReadProcessMemory 或 WriteProcessMemory 请求。 (0x12B)
[0417/222959.536:WARNING:pe_image_reader.cc(281)] could not read dos header from C:\WINDOWS\SYSTEM32\Secur32.dll
[0417/222959.536:ERROR:process_reader_win.cc(233)] ReadMemory at 0x6ac60000 of 64 bytes failed: 仅完成部分的 ReadProcessMemory 或 WriteProcessMemory 请求。 (0x12B)
[0417/222959.536:WARNING:pe_image_reader.cc(281)] could not read dos header from C:\WINDOWS\SYSTEM32\DWrite.dll
[0417/222959.536:ERROR:process_reader_win.cc(233)] ReadMemory at 0x6f9f0000 of 64 bytes failed: 仅完成部分的 ReadProcessMemory 或 WriteProcessMemory 请求。 (0x12B)
[0417/222959.536:WARNING:pe_image_reader.cc(281)] could not read dos header from C:\WINDOWS\SYSTEM32\FONTSUB.dll
[0417/222959.536:ERROR:process_reader_win.cc(233)] ReadMemory at 0x75e30000 of 64 bytes failed: 仅完成部分的 ReadProcessMemory 或 WriteProcessMemory 请求。 (0x12B)
[0417/222959.536:WARNING:pe_image_reader.cc(281)] could not read dos header from C:\WINDOWS\System32\MSASN1.dll
[0417/222959.536:ERROR:process_reader_win.cc(233)] ReadMemory at 0x76d20000 of 64 bytes failed: 仅完成部分的 ReadProcessMemory 或 WriteProcessMemory 请求。 (0x12B)
[0417/222959.536:WARNING:pe_image_reader.cc(281)] could not read dos header from C:\WINDOWS\System32\CRYPT32.dll
[0417/222959.536:ERROR:process_reader_win.cc(233)] ReadMemory at 0x766c0000 of 64 bytes failed: 仅完成部分的 ReadProcessMemory 或 WriteProcessMemory 请求。 (0x12B)
[0417/222959.536:WARNING:pe_image_reader.cc(281)] could not read dos header from C:\WINDOWS\System32\WINTRUST.dll
[0417/222959.536:ERROR:process_reader_win.cc(233)] ReadMemory at 0x54d20000 of 64 bytes failed: 仅完成部分的 ReadProcessMemory 或 WriteProcessMemory 请求。 (0x12B)
[0417/222959.536:WARNING:pe_image_reader.cc(281)] could not read dos header from C:\Program Files (x86)\Google\Chrome\Application\57.0.2987.98\chrome_child.dll
[0417/222959.536:ERROR:process_reader_win.cc(233)] ReadMemory at 0xe90000 of 64 bytes failed: 仅完成部分的 ReadProcessMemory 或 WriteProcessMemory 请求。 (0x12B)
[0417/222959.536:WARNING:pe_image_reader.cc(281)] could not read dos header from C:\Program Files (x86)\Google\Chrome\Application\chrome.exe
[0417/222959.536:ERROR:process_reader_win.cc(233)] ReadMemory at 0x746d0000 of 64 bytes failed: 仅完成部分的 ReadProcessMemory 或 WriteProcessMemory 请求。 (0x12B)
[0417/222959.536:WARNING:pe_image_reader.cc(281)] could not read dos header from C:\WINDOWS\System32\KERNELBASE.dll
[0417/222959.536:ERROR:process_reader_win.cc(233)] ReadMemory at 0x75c60000 of 64 bytes failed: 仅完成部分的 ReadProcessMemory 或 WriteProcessMemory 请求。 (0x12B)
[0417/222959.536:WARNING:pe_image_reader.cc(281)] could not read dos header from C:\WINDOWS\System32\KERNEL32.DLL
[0417/222959.536:ERROR:process_reader_win.cc(233)] ReadMemory at 0x693d0000 of 64 bytes failed: 仅完成部分的 ReadProcessMemory 或 WriteProcessMemory 请求。 (0x12B)
[0417/222959.536:WARNING:pe_image_reader.cc(281)] could not read dos header from C:\WINDOWS\AppPatch\AcGenral.dll
[0417/222959.536:ERROR:process_reader_win.cc(233)] ReadMemory at 0x774d0000 of 64 bytes failed: 仅完成部分的 ReadProcessMemory 或 WriteProcessMemory 请求。 (0x12B)
[0417/222959.536:WARNING:pe_image_reader.cc(281)] could not read dos header from C:\WINDOWS\SYSTEM32\ntdll.dll
[0417/222959.537:ERROR:process_reader_win.cc(233)] ReadMemory at 0x6d690000 of 64 bytes failed: 仅完成部分的 ReadProcessMemory 或 WriteProcessMemory 请求。 (0x12B)
[0417/222959.537:WARNING:pe_image_reader.cc(281)] could not read dos header from C:\WINDOWS\system32\apphelp.dll
[0417/222959.537:ERROR:process_reader_win.cc(233)] ReadMemory at 0x76be0000 of 64 bytes failed: 仅完成部分的 ReadProcessMemory 或 WriteProcessMemory 请求。 (0x12B)
[0417/222959.537:WARNING:pe_image_reader.cc(281)] could not read dos header from C:\WINDOWS\System32\msvcrt.dll
[0417/222959.537:ERROR:process_reader_win.cc(233)] ReadMemory at 0x76760000 of 64 bytes failed: 仅完成部分的 ReadProcessMemory 或 WriteProcessMemory 请求。 (0x12B)
[0417/222959.537:WARNING:pe_image_reader.cc(281)] could not read dos header from C:\WINDOWS\System32\bcryptPrimitives.dll
[0417/222959.537:ERROR:process_reader_win.cc(233)] ReadMemory at 0x73f80000 of 64 bytes failed: 仅完成部分的 ReadProcessMemory 或 WriteProcessMemory 请求。 (0x12B)
[0417/222959.537:WARNING:pe_image_reader.cc(281)] could not read dos header from C:\WINDOWS\System32\CRYPTBASE.dll
[0417/222959.537:ERROR:process_reader_win.cc(233)] ReadMemory at 0x73f90000 of 64 bytes failed: 仅完成部分的 ReadProcessMemory 或 WriteProcessMemory 请求。 (0x12B)
[0417/222959.537:WARNING:pe_image_reader.cc(281)] could not read dos header from C:\WINDOWS\System32\SspiCli.dll
[0417/222959.537:ERROR:process_reader_win.cc(233)] ReadMemory at 0x76ea0000 of 64 bytes failed: 仅完成部分的 ReadProcessMemory 或 WriteProcessMemory 请求。 (0x12B)
[0417/222959.537:WARNING:pe_image_reader.cc(281)] could not read dos header from C:\WINDOWS\System32\RPCRT4.dll
[0417/222959.537:ERROR:process_reader_win.cc(233)] ReadMemory at 0x75fc0000 of 64 bytes failed: 仅完成部分的 ReadProcessMemory 或 WriteProcessMemory 请求。 (0x12B)
[0417/222959.537:WARNING:pe_image_reader.cc(281)] could not read dos header from C:\WINDOWS\System32\sechost.dll
[0417/222959.537:ERROR:process_reader_win.cc(233)] ReadMemory at 0x76ff0000 of 64 bytes failed: 仅完成部分的 ReadProcessMemory 或 WriteProcessMemory 请求。 (0x12B)
[0417/222959.537:WARNING:pe_image_reader.cc(281)] could not read dos header from C:\WINDOWS\System32\ucrtbase.dll
[0417/222959.537:ERROR:process_reader_win.cc(233)] ReadMemory at 0x77250000 of 64 bytes failed: 仅完成部分的 ReadProcessMemory 或 WriteProcessMemory 请求。 (0x12B)
[0417/222959.537:WARNING:pe_image_reader.cc(281)] could not read dos header from C:\WINDOWS\System32\combase.dll
[0417/222959.537:ERROR:process_reader_win.cc(233)] ReadMemory at 0x77230000 of 64 bytes failed: 仅完成部分的 ReadProcessMemory 或 WriteProcessMemory 请求。 (0x12B)
[0417/222959.537:WARNING:pe_image_reader.cc(281)] could not read dos header from C:\WINDOWS\System32\win32u.dll
[0417/222959.537:ERROR:process_reader_win.cc(233)] ReadMemory at 0x770d0000 of 64 bytes failed: 仅完成部分的 ReadProcessMemory 或 WriteProcessMemory 请求。 (0x12B)
[0417/222959.537:WARNING:pe_image_reader.cc(281)] could not read dos header from C:\WINDOWS\System32\USER32.dll
[0417/222959.537:ERROR:process_reader_win.cc(233)] ReadMemory at 0x74140000 of 64 bytes failed: 仅完成部分的 ReadProcessMemory 或 WriteProcessMemory 请求。 (0x12B)
[0417/222959.537:WARNING:pe_image_reader.cc(281)] could not read dos header from C:\WINDOWS\System32\gdi32full.dll
[0417/222959.537:ERROR:process_reader_win.cc(233)] ReadMemory at 0x76fc0000 of 64 bytes failed: 仅完成部分的 ReadProcessMemory 或 WriteProcessMemory 请求。 (0x12B)
[0417/222959.537:WARNING:pe_image_reader.cc(281)] could not read dos header from C:\WINDOWS\System32\GDI32.dll
[0417/222959.537:ERROR:process_reader_win.cc(233)] ReadMemory at 0x75f90000 of 64 bytes failed: 仅完成部分的 ReadProcessMemory 或 WriteProcessMemory 请求。 (0x12B)
[0417/222959.537:WARNING:pe_image_reader.cc(281)] could not read dos header from C:\WINDOWS\System32\IMM32.DLL
[0417/222959.537:ERROR:process_reader_win.cc(233)] ReadMemory at 0x76f70000 of 64 bytes failed: 仅完成部分的 ReadProcessMemory 或 WriteProcessMemory 请求。 (0x12B)
[0417/222959.537:WARNING:pe_image_reader.cc(281)] could not read dos header from C:\WINDOWS\System32\SHLWAPI.dll
[0417/222959.537:ERROR:process_reader_win.cc(233)] ReadMemory at 0x71b10000 of 64 bytes failed: 仅完成部分的 ReadProcessMemory 或 WriteProcessMemory 请求。 (0x12B)
[0417/222959.537:WARNING:pe_image_reader.cc(281)] could not read dos header from C:\WINDOWS\SYSTEM32\UxTheme.dll
[0417/222959.537:ERROR:process_reader_win.cc(233)] ReadMemory at 0x76710000 of 64 bytes failed: 仅完成部分的 ReadProcessMemory 或 WriteProcessMemory 请求。 (0x12B)
[0417/222959.537:WARNING:pe_image_reader.cc(281)] could not read dos header from C:\WINDOWS\System32\cfgmgr32.dll
[0417/222959.537:ERROR:process_reader_win.cc(233)] ReadMemory at 0x73b30000 of 64 bytes failed: 仅完成部分的 ReadProcessMemory 或 WriteProcessMemory 请求。 (0x12B)
[0417/222959.537:WARNING:pe_image_reader.cc(281)] could not read dos header from C:\WINDOWS\SYSTEM32\WINMMBASE.dll
[0417/222959.537:ERROR:process_reader_win.cc(233)] ReadMemory at 0x73b60000 of 64 bytes failed: 仅完成部分的 ReadProcessMemory 或 WriteProcessMemory 请求。 (0x12B)
[0417/222959.537:WARNING:pe_image_reader.cc(281)] could not read dos header from C:\WINDOWS\SYSTEM32\WINMM.dll
[0417/222959.537:ERROR:process_reader_win.cc(233)] ReadMemory at 0x73a00000 of 64 bytes failed: 仅完成部分的 ReadProcessMemory 或 WriteProcessMemory 请求。 (0x12B)
[0417/222959.537:WARNING:pe_image_reader.cc(281)] could not read dos header from C:\WINDOWS\SYSTEM32\samcli.dll
[0417/222959.537:ERROR:process_reader_win.cc(233)] ReadMemory at 0x73fc0000 of 64 bytes failed: 仅完成部分的 ReadProcessMemory 或 WriteProcessMemory 请求。 (0x12B)
[0417/222959.537:WARNING:pe_image_reader.cc(281)] could not read dos header from C:\WINDOWS\System32\ole32.dll
[0417/222959.537:ERROR:process_reader_win.cc(233)] ReadMemory at 0x74650000 of 64 bytes failed: 仅完成部分的 ReadProcessMemory 或 WriteProcessMemory 请求。 (0x12B)
[0417/222959.537:WARNING:pe_image_reader.cc(281)] could not read dos header from C:\WINDOWS\System32\msvcp_win.dll
[0417/222959.537:ERROR:process_reader_win.cc(233)] ReadMemory at 0x74310000 of 64 bytes failed: 仅完成部分的 ReadProcessMemory 或 WriteProcessMemory 请求。 (0x12B)
[0417/222959.537:WARNING:pe_image_reader.cc(281)] could not read dos header from C:\WINDOWS\System32\OLEAUT32.dll
[0417/222959.537:ERROR:process_reader_win.cc(233)] ReadMemory at 0x75da0000 of 64 bytes failed: 仅完成部分的 ReadProcessMemory 或 WriteProcessMemory 请求。 (0x12B)
[0417/222959.537:WARNING:pe_image_reader.cc(281)] could not read dos header from C:\WINDOWS\System32\advapi32.dll
[0417/222959.537:ERROR:process_reader_win.cc(233)] ReadMemory at 0x710a0000 of 64 bytes failed: 仅完成部分的 ReadProcessMemory 或 WriteProcessMemory 请求。 (0x12B)
[0417/222959.537:WARNING:pe_image_reader.cc(281)] could not read dos header from C:\WINDOWS\SYSTEM32\MSACM32.dll
[0417/222959.537:ERROR:process_reader_win.cc(233)] ReadMemory at 0x73f60000 of 64 bytes failed: 仅完成部分的 ReadProcessMemory 或 WriteProcessMemory 请求。 (0x12B)
[0417/222959.537:WARNING:pe_image_reader.cc(281)] could not read dos header from C:\WINDOWS\SYSTEM32\VERSION.dll
[0417/222959.537:ERROR:process_reader_win.cc(233)] ReadMemory at 0x75f30000 of 64 bytes failed: 仅完成部分的 ReadProcessMemory 或 WriteProcessMemory 请求。 (0x12B)
[0417/222959.537:WARNING:pe_image_reader.cc(281)] could not read dos header from C:\WINDOWS\System32\powrprof.dll
[0417/222959.537:ERROR:process_reader_win.cc(233)] ReadMemory at 0x76750000 of 64 bytes failed: 仅完成部分的 ReadProcessMemory 或 WriteProcessMemory 请求。 (0x12B)
[0417/222959.537:WARNING:pe_image_reader.cc(281)] could not read dos header from C:\WINDOWS\System32\kernel.appcore.dll
[0417/222959.537:ERROR:process_reader_win.cc(233)] ReadMemory at 0x743b0000 of 64 bytes failed: 仅完成部分的 ReadProcessMemory 或 WriteProcessMemory 请求。 (0x12B)
[0417/222959.537:WARNING:pe_image_reader.cc(281)] could not read dos header from C:\WINDOWS\System32\shcore.dll
[0417/222959.537:ERROR:process_reader_win.cc(233)] ReadMemory at 0x75e20000 of 64 bytes failed: 仅完成部分的 ReadProcessMemory 或 WriteProcessMemory 请求。 (0x12B)
[0417/222959.537:WARNING:pe_image_reader.cc(281)] could not read dos header from C:\WINDOWS\System32\profapi.dll
[0417/222959.537:ERROR:process_reader_win.cc(233)] ReadMemory at 0x76150000 of 64 bytes failed: 仅完成部分的 ReadProcessMemory 或 WriteProcessMemory 请求。 (0x12B)
[0417/222959.537:WARNING:pe_image_reader.cc(281)] could not read dos header from C:\WINDOWS\System32\windows.storage.dll
[0417/222959.537:ERROR:process_reader_win.cc(233)] ReadMemory at 0x74880000 of 64 bytes failed: 仅完成部分的 ReadProcessMemory 或 WriteProcessMemory 请求。 (0x12B)
[0417/222959.537:WARNING:pe_image_reader.cc(281)] could not read dos header from C:\WINDOWS\System32\SHELL32.dll
[0417/222959.538:ERROR:process_reader_win.cc(233)] ReadMemory at 0x73f40000 of 64 bytes failed: 仅完成部分的 ReadProcessMemory 或 WriteProcessMemory 请求。 (0x12B)
[0417/222959.538:WARNING:pe_image_reader.cc(281)] could not read dos header from C:\WINDOWS\SYSTEM32\USERENV.dll
[0417/222959.538:ERROR:process_reader_win.cc(233)] ReadMemory at 0x71bc0000 of 64 bytes failed: 仅完成部分的 ReadProcessMemory 或 WriteProcessMemory 请求。 (0x12B)
[0417/222959.538:WARNING:pe_image_reader.cc(281)] could not read dos header from C:\WINDOWS\SYSTEM32\dwmapi.dll
[0417/222959.538:ERROR:process_reader_win.cc(233)] ReadMemory at 0x72520000 of 64 bytes failed: 仅完成部分的 ReadProcessMemory 或 WriteProcessMemory 请求。 (0x12B)
[0417/222959.538:WARNING:pe_image_reader.cc(281)] could not read dos header from C:\WINDOWS\SYSTEM32\iertutil.dll
[0417/222959.538:ERROR:process_reader_win.cc(233)] ReadMemory at 0x718f0000 of 64 bytes failed: 仅完成部分的 ReadProcessMemory 或 WriteProcessMemory 请求。 (0x12B)
[0417/222959.538:WARNING:pe_image_reader.cc(281)] could not read dos header from C:\WINDOWS\SYSTEM32\urlmon.dll
[0417/222959.538:ERROR:process_reader_win.cc(233)] ReadMemory at 0x72a60000 of 64 bytes failed: 仅完成部分的 ReadProcessMemory 或 WriteProcessMemory 请求。 (0x12B)
[0417/222959.538:WARNING:pe_image_reader.cc(281)] could not read dos header from C:\WINDOWS\SYSTEM32\bcrypt.dll
[0417/222959.538:ERROR:process_reader_win.cc(233)] ReadMemory at 0x71610000 of 64 bytes failed: 仅完成部分的 ReadProcessMemory 或 WriteProcessMemory 请求。 (0x12B)
[0417/222959.538:WARNING:pe_image_reader.cc(281)] could not read dos header from C:\WINDOWS\SYSTEM32\WINSPOOL.DRV
[0417/222959.538:ERROR:process_reader_win.cc(233)] ReadMemory at 0x71b90000 of 64 bytes failed: 仅完成部分的 ReadProcessMemory 或 WriteProcessMemory 请求。 (0x12B)
[0417/222959.538:WARNING:pe_image_reader.cc(281)] could not read dos header from C:\WINDOWS\SYSTEM32\MPR.dll
[0417/222959.538:ERROR:process_reader_win.cc(233)] ReadMemory at 0x6bdd0000 of 64 bytes failed: 仅完成部分的 ReadProcessMemory 或 WriteProcessMemory 请求。 (0x12B)
[0417/222959.538:WARNING:pe_image_reader.cc(281)] could not read dos header from C:\Program Files (x86)\Google\Chrome\Application\57.0.2987.98\chrome_elf.dll
[0417/222959.538:ERROR:process_reader_win.cc(233)] ReadMemory at 0x767c0000 of 64 bytes failed: 仅完成部分的 ReadProcessMemory 或 WriteProcessMemory 请求。 (0x12B)
[0417/222959.538:WARNING:pe_image_reader.cc(281)] could not read dos header from C:\WINDOWS\System32\PSAPI.DLL
[0417/222959.538:ERROR:process_reader_win.cc(233)] ReadMemory at 0x73470000 of 64 bytes failed: 仅完成部分的 ReadProcessMemory 或 WriteProcessMemory 请求。 (0x12B)
[0417/222959.538:WARNING:pe_image_reader.cc(281)] could not read dos header from C:\WINDOWS\SYSTEM32\WINHTTP.dll
[0417/222959.538:ERROR:process_reader_win.cc(233)] ReadMemory at 0x6b2f0000 of 64 bytes failed: 仅完成部分的 ReadProcessMemory 或 WriteProcessMemory 请求。 (0x12B)
[0417/222959.538:WARNING:pe_image_reader.cc(281)] could not read dos header from C:\WINDOWS\SYSTEM32\ninput.dll
[0417/222959.538:ERROR:process_reader_win.cc(233)] ReadMemory at 0x742a0000 of 64 bytes failed: 仅完成部分的 ReadProcessMemory 或 WriteProcessMemory 请求。 (0x12B)
[0417/222959.538:WARNING:pe_image_reader.cc(281)] could not read dos header from C:\WINDOWS\System32\WS2_32.dll
[0417/222959.538:ERROR:process_reader_win.cc(233)] ReadMemory at 0x73e00000 of 64 bytes failed: 仅完成部分的 ReadProcessMemory 或 WriteProcessMemory 请求。 (0x12B)
[0417/222959.538:WARNING:pe_image_reader.cc(281)] could not read dos header from C:\WINDOWS\SYSTEM32\NETAPI32.dll
[0417/222959.538:ERROR:process_reader_win.cc(233)] ReadMemory at 0x72a80000 of 64 bytes failed: 仅完成部分的 ReadProcessMemory 或 WriteProcessMemory 请求。 (0x12B)
[0417/222959.538:WARNING:pe_image_reader.cc(281)] could not read dos header from C:\WINDOWS\SYSTEM32\WKSCLI.DLL
[0417/222959.538:ERROR:process_reader_win.cc(233)] ReadMemory at 0x739f0000 of 64 bytes failed: 仅完成部分的 ReadProcessMemory 或 WriteProcessMemory 请求。 (0x12B)
[0417/222959.538:WARNING:pe_image_reader.cc(281)] could not read dos header from C:\WINDOWS\SYSTEM32\NETUTILS.DLL
[0417/222959.538:ERROR:process_reader_win.cc(233)] ReadMemory at 0x70340000 of 64 bytes failed: 仅完成部分的 ReadProcessMemory 或 WriteProcessMemory 请求。 (0x12B)
[0417/222959.538:WARNING:pe_image_reader.cc(281)] could not read dos header from C:\Program Files (x86)\360\360Safe\safemon\safemon.dll
[0417/222959.538:ERROR:process_reader_win.cc(233)] ReadMemory at 0x6fd30000 of 64 bytes failed: 仅完成部分的 ReadProcessMemory 或 WriteProcessMemory 请求。 (0x12B)
[0417/222959.538:WARNING:pe_image_reader.cc(281)] could not read dos header from C:\Program Files (x86)\360\360Safe\safemon\iNetSafe.dll
[0417/222959.538:ERROR:process_reader_win.cc(233)] ReadMemory at 0x709a0000 of 64 bytes failed: 仅完成部分的 ReadProcessMemory 或 WriteProcessMemory 请求。 (0x12B)
[0417/222959.538:WARNING:pe_image_reader.cc(281)] could not read dos header from C:\WINDOWS\WinSxS\x86_microsoft.windows.common-controls_6595b64144ccf1df_6.0.14393.953_none_89c2555adb023171\COMCTL32.dll
[0417/222959.538:ERROR:process_reader_win.cc(233)] ReadMemory at 0x75e40000 of 64 bytes failed: 仅完成部分的 ReadProcessMemory 或 WriteProcessMemory 请求。 (0x12B)
[0417/222959.538:WARNING:pe_image_reader.cc(281)] could not read dos header from C:\WINDOWS\System32\COMDLG32.dll
[0417/222959.538:ERROR:process_reader_win.cc(233)] ReadMemory at 0x73750000 of 64 bytes failed: 仅完成部分的 ReadProcessMemory 或 WriteProcessMemory 请求。 (0x12B)
[0417/222959.539:WARNING:pe_image_reader.cc(281)] could not read dos header from C:\WINDOWS\SYSTEM32\dbghelp.dll
[0417/222959.539:ERROR:process_reader_win.cc(233)] ReadMemory at 0x715c0000 of 64 bytes failed: 仅完成部分的 ReadProcessMemory 或 WriteProcessMemory 请求。 (0x12B)
[0417/222959.539:WARNING:pe_image_reader.cc(281)] could not read dos header from C:\WINDOWS\SYSTEM32\USP10.dll
[0417/222959.539:ERROR:process_reader_win.cc(233)] ReadMemory at 0x73e20000 of 64 bytes failed: 仅完成部分的 ReadProcessMemory 或 WriteProcessMemory 请求。 (0x12B)
[0417/222959.539:WARNING:pe_image_reader.cc(281)] could not read dos header from C:\WINDOWS\SYSTEM32\IPHLPAPI.DLL
[0417/222959.539:ERROR:process_reader_win.cc(233)] ReadMemory at 0x73ab0000 of 64 bytes failed: 仅完成部分的 ReadProcessMemory 或 WriteProcessMemory 请求。 (0x12B)
[0417/222959.539:WARNING:pe_image_reader.cc(281)] could not read dos header from C:\WINDOWS\SYSTEM32\Secur32.dll
[0417/222959.539:ERROR:process_reader_win.cc(233)] ReadMemory at 0x6ac60000 of 64 bytes failed: 仅完成部分的 ReadProcessMemory 或 WriteProcessMemory 请求。 (0x12B)
[0417/222959.539:WARNING:pe_image_reader.cc(281)] could not read dos header from C:\WINDOWS\SYSTEM32\DWrite.dll
[0417/222959.539:ERROR:process_reader_win.cc(233)] ReadMemory at 0x6f9f0000 of 64 bytes failed: 仅完成部分的 ReadProcessMemory 或 WriteProcessMemory 请求。 (0x12B)
[0417/222959.539:WARNING:pe_image_reader.cc(281)] could not read dos header from C:\WINDOWS\SYSTEM32\FONTSUB.dll
[0417/222959.539:ERROR:process_reader_win.cc(233)] ReadMemory at 0x75e30000 of 64 bytes failed: 仅完成部分的 ReadProcessMemory 或 WriteProcessMemory 请求。 (0x12B)
[0417/222959.539:WARNING:pe_image_reader.cc(281)] could not read dos header from C:\WINDOWS\System32\MSASN1.dll
[0417/222959.539:ERROR:process_reader_win.cc(233)] ReadMemory at 0x76d20000 of 64 bytes failed: 仅完成部分的 ReadProcessMemory 或 WriteProcessMemory 请求。 (0x12B)
[0417/222959.539:WARNING:pe_image_reader.cc(281)] could not read dos header from C:\WINDOWS\System32\CRYPT32.dll
[0417/222959.539:ERROR:process_reader_win.cc(233)] ReadMemory at 0x766c0000 of 64 bytes failed: 仅完成部分的 ReadProcessMemory 或 WriteProcessMemory 请求。 (0x12B)
[0417/222959.539:WARNING:pe_image_reader.cc(281)] could not read dos header from C:\WINDOWS\System32\WINTRUST.dll
[0417/222959.539:ERROR:process_reader_win.cc(233)] ReadMemory at 0x54d20000 of 64 bytes failed: 仅完成部分的 ReadProcessMemory 或 WriteProcessMemory 请求。 (0x12B)
[0417/222959.539:WARNING:pe_image_reader.cc(281)] could not read dos header from C:\Program Files (x86)\Google\Chrome\Application\57.0.2987.98\chrome_child.dll
[0417/222959.594:ERROR:process_reader_win.cc(233)] ReadMemory at 0x775000 of 45056 bytes failed: 仅完成部分的 ReadProcessMemory 或 WriteProcessMemory 请求。 (0x12B)
[0417/222959.594:ERROR:crash_report_exception_handler.cc(111)] WriteEverything failed
[0417/222959.596:ERROR:scoped_process_suspend.cc(38)] NtResumeProcess: 已尝试访问正在退出的过程。  (0xc000010a)
[0417/231515.566:ERROR:process_reader_win.cc(233)] ReadMemory at 0x4f80048 of 32768 bytes failed: 仅完成部分的 ReadProcessMemory 或 WriteProcessMemory 请求。 (0x12B)
[0417/231515.566:WARNING:pe_image_annotations_reader.cc(65)] could not read simple annotations from C:\Program Files (x86)\Google\Chrome\Application\57.0.2987.98\chrome_elf.dll
[0417/233100.112:ERROR:process_reader_win.cc(233)] ReadMemory at 0xcf0048 of 32768 bytes failed: 仅完成部分的 ReadProcessMemory 或 WriteProcessMemory 请求。 (0x12B)
[0417/233100.112:ERROR:process_reader_win.cc(233)] ReadMemory at 0x4f80048 of 32768 bytes failed: 仅完成部分的 ReadProcessMemory 或 WriteProcessMemory 请求。 (0x12B)
[0417/233100.112:WARNING:pe_image_annotations_reader.cc(65)] could not read simple annotations from C:\Program Files (x86)\Google\Chrome\Application\57.0.2987.98\chrome_elf.dll
[0417/233100.112:WARNING:pe_image_annotations_reader.cc(65)] could not read simple annotations from C:\Program Files (x86)\Google\Chrome\Application\57.0.2987.98\chrome_elf.dll
[0425/153451.352:ERROR:process_reader_win.cc(142)] SuspendThread: 拒绝访问。 (0x5)
[0425/153451.436:ERROR:process_reader_win.cc(142)] SuspendThread: 拒绝访问。 (0x5)
[0425/153451.436:ERROR:process_reader_win.cc(142)] SuspendThread: 拒绝访问。 (0x5)
[0425/153451.436:ERROR:process_reader_win.cc(142)] SuspendThread: 拒绝访问。 (0x5)
[0425/153451.436:ERROR:process_reader_win.cc(142)] SuspendThread: 拒绝访问。 (0x5)
[0425/153451.436:ERROR:process_reader_win.cc(142)] SuspendThread: 拒绝访问。 (0x5)
[0425/153451.436:ERROR:process_reader_win.cc(142)] SuspendThread: 拒绝访问。 (0x5)
[0425/153451.436:ERROR:process_reader_win.cc(142)] SuspendThread: 拒绝访问。 (0x5)
[0425/153451.436:ERROR:process_reader_win.cc(142)] SuspendThread: 拒绝访问。 (0x5)
[0425/153451.590:ERROR:process_reader_win.cc(233)] ReadMemory at 0x4b00048 of 32768 bytes failed: 仅完成部分的 ReadProcessMemory 或 WriteProcessMemory 请求。 (0x12B)
[0425/153451.590:WARNING:pe_image_annotations_reader.cc(65)] could not read simple annotations from C:\Program Files (x86)\Google\Chrome\Application\57.0.2987.98\chrome_elf.dll
[0425/153451.590:ERROR:process_reader_win.cc(233)] ReadMemory at 0x5820048 of 32768 bytes failed: 仅完成部分的 ReadProcessMemory 或 WriteProcessMemory 请求。 (0x12B)
[0425/153451.590:WARNING:pe_image_annotations_reader.cc(65)] could not read simple annotations from C:\Program Files (x86)\Google\Chrome\Application\57.0.2987.98\chrome_elf.dll
[0425/153451.590:ERROR:process_reader_win.cc(233)] ReadMemory at 0x52f0048 of 32768 bytes failed: 仅完成部分的 ReadProcessMemory 或 WriteProcessMemory 请求。 (0x12B)
[0425/153451.590:WARNING:pe_image_annotations_reader.cc(65)] could not read simple annotations from C:\Program Files (x86)\Google\Chrome\Application\57.0.2987.98\chrome_elf.dll
[0425/153451.604:ERROR:process_reader_win.cc(233)] ReadMemory at 0x5910048 of 32768 bytes failed: 仅完成部分的 ReadProcessMemory 或 WriteProcessMemory 请求。 (0x12B)
[0425/153451.604:WARNING:pe_image_annotations_reader.cc(65)] could not read simple annotations from C:\Program Files (x86)\Google\Chrome\Application\57.0.2987.98\chrome_elf.dll
[0425/163608.753:ERROR:exception_handler_server.cc(524)] ConnectNamedPipe: 管道正在被关闭。 (0xE8)
[0425/165827.118:ERROR:process_reader_win.cc(233)] ReadMemory at 0x52a0048 of 32768 bytes failed: 仅完成部分的 ReadProcessMemory 或 WriteProcessMemory 请求。 (0x12B)
[0425/165827.119:WARNING:pe_image_annotations_reader.cc(65)] could not read simple annotations from C:\Program Files (x86)\Google\Chrome\Application\57.0.2987.98\chrome_elf.dll
[0425/165827.118:ERROR:process_reader_win.cc(233)] ReadMemory at 0x56e0048 of 32768 bytes failed: 仅完成部分的 ReadProcessMemory 或 WriteProcessMemory 请求。 (0x12B)
[0425/165827.120:WARNING:pe_image_annotations_reader.cc(65)] could not read simple annotations from C:\Program Files (x86)\Google\Chrome\Application\57.0.2987.98\chrome_elf.dll
[0426/113449.075:ERROR:exception_handler_server.cc(524)] ConnectNamedPipe: 管道正在被关闭。 (0xE8)
[0512/100618.955:ERROR:exception_handler_server.cc(524)] ConnectNamedPipe: 管道正在被关闭。 (0xE8)
[0512/105700.508:ERROR:exception_handler_server.cc(524)] ConnectNamedPipe: 管道正在被关闭。 (0xE8)
[0512/111111.136:ERROR:exception_handler_server.cc(524)] ConnectNamedPipe: 管道正在被关闭。 (0xE8)
[0526/153530.541:ERROR:exception_handler_server.cc(524)] ConnectNamedPipe: 管道正在被关闭。 (0xE8)
[0526/163600.356:ERROR:exception_handler_server.cc(524)] ConnectNamedPipe: 管道正在被关闭。 (0xE8)
