[0305/212006:ERROR:process_info.cc(608)] range at 0x6bff2a4800000000, size 0x1b3 fully unreadable
[0305/212006:ERROR:process_info.cc(608)] range at 0x6bff2aaa00000000, size 0x1b3 fully unreadable
[0305/212006:ERROR:process_info.cc(608)] range at 0x0, size 0x1b3 fully unreadable
[0305/212006:WARNING:in_range_cast.h(38)] value 1870122653076 out of range
[0305/212006:WARNING:in_range_cast.h(38)] value 1870122654760 out of range
[0305/212006:WARNING:in_range_cast.h(38)] value 1870122655100 out of range
[0305/212006:WARNING:in_range_cast.h(38)] value 1870122651436 out of range
[0305/212006:WARNING:in_range_cast.h(38)] value 1870122651644 out of range
[0306/211628:ERROR:process_info.cc(608)] range at 0x4552a5c00000000, size 0x1c2 fully unreadable
[0306/211628:ERROR:process_info.cc(608)] range at 0x4552ac000000000, size 0x1c2 fully unreadable
[0306/211628:ERROR:process_info.cc(608)] range at 0x0, size 0x1c2 fully unreadable
[0306/211629:WARNING:in_range_cast.h(38)] value 1932807968166 out of range
[0306/211629:WARNING:in_range_cast.h(38)] value 1932807969850 out of range
[0306/211629:WARNING:in_range_cast.h(38)] value 1932807970190 out of range
[0306/211629:WARNING:in_range_cast.h(38)] value 1932807966320 out of range
[0306/211629:WARNING:in_range_cast.h(38)] value 1932807966320 out of range
[0307/163205:ERROR:process_info.cc(608)] range at 0x8a2b2a3800000000, size 0x17d fully unreadable
[0307/163205:ERROR:process_info.cc(608)] range at 0x8a2b2a9c00000000, size 0x17d fully unreadable
[0307/163205:ERROR:process_info.cc(608)] range at 0x0, size 0x17d fully unreadable
[0307/163205:WARNING:in_range_cast.h(38)] value 1638700619152 out of range
[0307/163205:WARNING:in_range_cast.h(38)] value 1638700620836 out of range
[0307/163205:WARNING:in_range_cast.h(38)] value 1638700621176 out of range
[0307/163205:WARNING:in_range_cast.h(38)] value 1638700617506 out of range
[0307/163205:WARNING:in_range_cast.h(38)] value 1638700617714 out of range
[0307/171627:ERROR:process_info.cc(608)] range at 0xef643efe00000000, size 0x233 fully unreadable
[0307/171627:ERROR:process_info.cc(608)] range at 0xef643f6400000000, size 0x233 fully unreadable
[0307/171627:ERROR:process_info.cc(608)] range at 0x0, size 0x233 fully unreadable
[0307/171627:WARNING:in_range_cast.h(38)] value 2422082901392 out of range
[0307/171627:WARNING:in_range_cast.h(38)] value 2422082903076 out of range
[0307/171627:WARNING:in_range_cast.h(38)] value 2422082903416 out of range
[0307/171627:WARNING:in_range_cast.h(38)] value 2422082899746 out of range
[0307/171627:WARNING:in_range_cast.h(38)] value 2422082899954 out of range
[0311/125301.424:ERROR:process_reader_win.cc(142)] SuspendThread: 拒绝访问。 (0x5)
[0311/125301.509:ERROR:process_reader_win.cc(142)] SuspendThread: 拒绝访问。 (0x5)
[0311/125301.509:ERROR:process_reader_win.cc(142)] SuspendThread: 拒绝访问。 (0x5)
[0311/125301.509:ERROR:process_reader_win.cc(142)] SuspendThread: 拒绝访问。 (0x5)
[0311/125301.509:ERROR:process_reader_win.cc(142)] SuspendThread: 拒绝访问。 (0x5)
[0311/125301.509:ERROR:process_reader_win.cc(142)] SuspendThread: 拒绝访问。 (0x5)
[0311/125301.509:ERROR:process_reader_win.cc(142)] SuspendThread: 拒绝访问。 (0x5)
[0311/125301.509:ERROR:process_reader_win.cc(142)] SuspendThread: 拒绝访问。 (0x5)
[0311/125301.425:ERROR:process_reader_win.cc(142)] SuspendThread: 拒绝访问。 (0x5)
[0311/125301.536:ERROR:process_reader_win.cc(142)] SuspendThread: 拒绝访问。 (0x5)
[0311/125301.536:ERROR:process_reader_win.cc(142)] SuspendThread: 拒绝访问。 (0x5)
[0311/125301.536:ERROR:process_reader_win.cc(142)] SuspendThread: 拒绝访问。 (0x5)
[0311/125301.536:ERROR:process_reader_win.cc(142)] SuspendThread: 拒绝访问。 (0x5)
[0311/125301.536:ERROR:process_reader_win.cc(142)] SuspendThread: 拒绝访问。 (0x5)
[0311/125301.537:ERROR:process_reader_win.cc(142)] SuspendThread: 拒绝访问。 (0x5)
[0311/125301.537:ERROR:process_reader_win.cc(142)] SuspendThread: 拒绝访问。 (0x5)
[0311/125301.537:ERROR:process_reader_win.cc(142)] SuspendThread: 拒绝访问。 (0x5)
[0311/125301.452:ERROR:process_reader_win.cc(142)] SuspendThread: 拒绝访问。 (0x5)
[0311/125301.452:ERROR:process_reader_win.cc(142)] SuspendThread: 拒绝访问。 (0x5)
[0311/125301.537:ERROR:process_reader_win.cc(142)] SuspendThread: 拒绝访问。 (0x5)
[0311/125301.537:ERROR:process_reader_win.cc(142)] SuspendThread: 拒绝访问。 (0x5)
[0311/125301.537:ERROR:process_reader_win.cc(142)] SuspendThread: 拒绝访问。 (0x5)
[0311/125301.537:ERROR:process_reader_win.cc(142)] SuspendThread: 拒绝访问。 (0x5)
[0311/125301.537:ERROR:process_reader_win.cc(142)] SuspendThread: 拒绝访问。 (0x5)
[0311/125301.537:ERROR:process_reader_win.cc(142)] SuspendThread: 拒绝访问。 (0x5)
[0311/125301.537:ERROR:process_reader_win.cc(142)] SuspendThread: 拒绝访问。 (0x5)
[0311/125301.537:ERROR:process_reader_win.cc(142)] SuspendThread: 拒绝访问。 (0x5)
[0311/125301.537:ERROR:process_reader_win.cc(142)] SuspendThread: 拒绝访问。 (0x5)
[0311/125301.537:ERROR:process_reader_win.cc(142)] SuspendThread: 拒绝访问。 (0x5)
[0311/125301.537:ERROR:process_reader_win.cc(142)] SuspendThread: 拒绝访问。 (0x5)
[0311/125301.537:ERROR:process_reader_win.cc(142)] SuspendThread: 拒绝访问。 (0x5)
[0311/125301.537:ERROR:process_reader_win.cc(142)] SuspendThread: 拒绝访问。 (0x5)
[0311/125301.537:ERROR:process_reader_win.cc(142)] SuspendThread: 拒绝访问。 (0x5)
[0311/125301.582:ERROR:process_reader_win.cc(233)] ReadMemory at 0x5770048 of 32768 bytes failed: 仅完成部分的 ReadProcessMemory 或 WriteProcessMemory 请求。 (0x12B)
[0311/125301.582:WARNING:pe_image_annotations_reader.cc(65)] could not read simple annotations from C:\Program Files (x86)\Google\Chrome\Application\57.0.2987.98\chrome_elf.dll
[0311/125301.582:ERROR:process_reader_win.cc(233)] ReadMemory at 0x5a80048 of 32768 bytes failed: 仅完成部分的 ReadProcessMemory 或 WriteProcessMemory 请求。 (0x12B)
[0311/125301.582:WARNING:pe_image_annotations_reader.cc(65)] could not read simple annotations from C:\Program Files (x86)\Google\Chrome\Application\57.0.2987.98\chrome_elf.dll
[0311/125301.611:ERROR:process_reader_win.cc(233)] ReadMemory at 0x56f0048 of 32768 bytes failed: 仅完成部分的 ReadProcessMemory 或 WriteProcessMemory 请求。 (0x12B)
[0311/125301.611:ERROR:process_reader_win.cc(233)] ReadMemory at 0x5400048 of 32768 bytes failed: 仅完成部分的 ReadProcessMemory 或 WriteProcessMemory 请求。 (0x12B)
[0311/125301.611:WARNING:pe_image_annotations_reader.cc(65)] could not read simple annotations from C:\Program Files (x86)\Google\Chrome\Application\57.0.2987.98\chrome_elf.dll
[0311/125301.611:WARNING:pe_image_annotations_reader.cc(65)] could not read simple annotations from C:\Program Files (x86)\Google\Chrome\Application\57.0.2987.98\chrome_elf.dll
[0311/125301.670:ERROR:process_reader_win.cc(233)] ReadMemory at 0x5740048 of 32768 bytes failed: 仅完成部分的 ReadProcessMemory 或 WriteProcessMemory 请求。 (0x12B)
[0311/125301.670:WARNING:pe_image_annotations_reader.cc(65)] could not read simple annotations from C:\Program Files (x86)\Google\Chrome\Application\57.0.2987.98\chrome_elf.dll
[0311/125321.972:ERROR:process_reader_win.cc(142)] SuspendThread: 拒绝访问。 (0x5)
[0311/125321.973:ERROR:process_reader_win.cc(142)] SuspendThread: 拒绝访问。 (0x5)
[0311/125321.973:ERROR:process_reader_win.cc(142)] SuspendThread: 拒绝访问。 (0x5)
[0311/125321.973:ERROR:process_reader_win.cc(142)] SuspendThread: 拒绝访问。 (0x5)
[0311/125321.973:ERROR:process_reader_win.cc(142)] SuspendThread: 拒绝访问。 (0x5)
[0311/125321.973:ERROR:process_reader_win.cc(142)] SuspendThread: 拒绝访问。 (0x5)
[0311/125321.973:ERROR:process_reader_win.cc(142)] SuspendThread: 拒绝访问。 (0x5)
[0311/125321.973:ERROR:process_reader_win.cc(142)] SuspendThread: 拒绝访问。 (0x5)
[0311/125321.976:ERROR:process_reader_win.cc(142)] SuspendThread: 拒绝访问。 (0x5)
[0311/125321.976:ERROR:process_reader_win.cc(142)] SuspendThread: 拒绝访问。 (0x5)
[0311/125321.976:ERROR:process_reader_win.cc(142)] SuspendThread: 拒绝访问。 (0x5)
[0311/125321.976:ERROR:process_reader_win.cc(142)] SuspendThread: 拒绝访问。 (0x5)
[0311/125321.976:ERROR:process_reader_win.cc(142)] SuspendThread: 拒绝访问。 (0x5)
[0311/125321.976:ERROR:process_reader_win.cc(142)] SuspendThread: 拒绝访问。 (0x5)
[0311/125321.977:ERROR:process_reader_win.cc(142)] SuspendThread: 拒绝访问。 (0x5)
[0311/125321.977:ERROR:process_reader_win.cc(142)] SuspendThread: 拒绝访问。 (0x5)
[0311/125321.987:ERROR:process_reader_win.cc(233)] ReadMemory at 0x56b0048 of 32768 bytes failed: 仅完成部分的 ReadProcessMemory 或 WriteProcessMemory 请求。 (0x12B)
[0311/125321.987:WARNING:pe_image_annotations_reader.cc(65)] could not read simple annotations from C:\Program Files (x86)\Google\Chrome\Application\57.0.2987.98\chrome_elf.dll
[0311/125321.988:ERROR:process_reader_win.cc(233)] ReadMemory at 0x54f0048 of 32768 bytes failed: 仅完成部分的 ReadProcessMemory 或 WriteProcessMemory 请求。 (0x12B)
[0311/125321.988:WARNING:pe_image_annotations_reader.cc(65)] could not read simple annotations from C:\Program Files (x86)\Google\Chrome\Application\57.0.2987.98\chrome_elf.dll
[0311/125321.993:ERROR:process_reader_win.cc(142)] SuspendThread: 拒绝访问。 (0x5)
[0311/125321.993:ERROR:process_reader_win.cc(142)] SuspendThread: 拒绝访问。 (0x5)
[0311/125321.993:ERROR:process_reader_win.cc(142)] SuspendThread: 拒绝访问。 (0x5)
[0311/125321.993:ERROR:process_reader_win.cc(142)] SuspendThread: 拒绝访问。 (0x5)
[0311/125321.993:ERROR:process_reader_win.cc(142)] SuspendThread: 拒绝访问。 (0x5)
[0311/125321.993:ERROR:process_reader_win.cc(142)] SuspendThread: 拒绝访问。 (0x5)
[0311/125321.993:ERROR:process_reader_win.cc(142)] SuspendThread: 拒绝访问。 (0x5)
[0311/125321.993:ERROR:process_reader_win.cc(142)] SuspendThread: 拒绝访问。 (0x5)
[0311/125321.993:ERROR:process_reader_win.cc(142)] SuspendThread: 拒绝访问。 (0x5)
[0311/125321.993:ERROR:process_reader_win.cc(142)] SuspendThread: 拒绝访问。 (0x5)
[0311/125322.006:ERROR:process_reader_win.cc(233)] ReadMemory at 0x5080048 of 32768 bytes failed: 仅完成部分的 ReadProcessMemory 或 WriteProcessMemory 请求。 (0x12B)
[0311/125322.006:WARNING:pe_image_annotations_reader.cc(65)] could not read simple annotations from C:\Program Files (x86)\Google\Chrome\Application\57.0.2987.98\chrome_elf.dll
[0311/125322.025:ERROR:process_reader_win.cc(142)] SuspendThread: 拒绝访问。 (0x5)
[0311/125322.025:ERROR:process_reader_win.cc(142)] SuspendThread: 拒绝访问。 (0x5)
[0311/125322.025:ERROR:process_reader_win.cc(142)] SuspendThread: 拒绝访问。 (0x5)
[0311/125322.025:ERROR:process_reader_win.cc(142)] SuspendThread: 拒绝访问。 (0x5)
[0311/125322.025:ERROR:process_reader_win.cc(142)] SuspendThread: 拒绝访问。 (0x5)
[0311/125322.025:ERROR:process_reader_win.cc(142)] SuspendThread: 拒绝访问。 (0x5)
[0311/125322.025:ERROR:process_reader_win.cc(142)] SuspendThread: 拒绝访问。 (0x5)
[0311/125322.025:ERROR:process_reader_win.cc(142)] SuspendThread: 拒绝访问。 (0x5)
[0311/125322.025:ERROR:process_reader_win.cc(142)] SuspendThread: 拒绝访问。 (0x5)
[0311/125322.025:ERROR:process_reader_win.cc(142)] SuspendThread: 拒绝访问。 (0x5)
[0311/125322.066:ERROR:process_reader_win.cc(233)] ReadMemory at 0x54b0048 of 32768 bytes failed: 仅完成部分的 ReadProcessMemory 或 WriteProcessMemory 请求。 (0x12B)
[0311/125322.066:WARNING:pe_image_annotations_reader.cc(65)] could not read simple annotations from C:\Program Files (x86)\Google\Chrome\Application\57.0.2987.98\chrome_elf.dll
[0316/201445.857:ERROR:process_reader_win.cc(142)] SuspendThread: 拒绝访问。 (0x5)
[0316/201445.857:ERROR:process_reader_win.cc(142)] SuspendThread: 拒绝访问。 (0x5)
[0316/201445.920:ERROR:process_reader_win.cc(233)] ReadMemory at 0x4d30048 of 32768 bytes failed: 仅完成部分的 ReadProcessMemory 或 WriteProcessMemory 请求。 (0x12B)
[0316/201445.920:WARNING:pe_image_annotations_reader.cc(65)] could not read simple annotations from C:\Program Files (x86)\Google\Chrome\Application\57.0.2987.98\chrome_elf.dll
[0316/201445.920:ERROR:process_reader_win.cc(233)] ReadMemory at 0x5110048 of 32768 bytes failed: 仅完成部分的 ReadProcessMemory 或 WriteProcessMemory 请求。 (0x12B)
[0316/201445.920:WARNING:pe_image_annotations_reader.cc(65)] could not read simple annotations from C:\Program Files (x86)\Google\Chrome\Application\57.0.2987.98\chrome_elf.dll
[0316/201446.045:ERROR:process_reader_win.cc(233)] ReadMemory at 0x5390048 of 32768 bytes failed: 仅完成部分的 ReadProcessMemory 或 WriteProcessMemory 请求。 (0x12B)
[0316/201446.076:ERROR:process_reader_win.cc(233)] ReadMemory at 0x5510048 of 32768 bytes failed: 仅完成部分的 ReadProcessMemory 或 WriteProcessMemory 请求。 (0x12B)
[0316/201446.076:WARNING:pe_image_annotations_reader.cc(65)] could not read simple annotations from C:\Program Files (x86)\Google\Chrome\Application\57.0.2987.98\chrome_elf.dll
[0316/201446.076:WARNING:pe_image_annotations_reader.cc(65)] could not read simple annotations from C:\Program Files (x86)\Google\Chrome\Application\57.0.2987.98\chrome_elf.dll
[0316/201509.733:ERROR:process_reader_win.cc(142)] SuspendThread: 拒绝访问。 (0x5)
[0316/201509.733:ERROR:process_reader_win.cc(142)] SuspendThread: 拒绝访问。 (0x5)
[0316/201509.733:ERROR:process_reader_win.cc(142)] SuspendThread: 拒绝访问。 (0x5)
[0316/201509.764:ERROR:process_reader_win.cc(233)] ReadMemory at 0x5060048 of 32768 bytes failed: 仅完成部分的 ReadProcessMemory 或 WriteProcessMemory 请求。 (0x12B)
[0316/201509.764:WARNING:pe_image_annotations_reader.cc(65)] could not read simple annotations from C:\Program Files (x86)\Google\Chrome\Application\57.0.2987.98\chrome_elf.dll
[0316/201509.967:ERROR:process_reader_win.cc(233)] ReadMemory at 0x5250048 of 32768 bytes failed: 仅完成部分的 ReadProcessMemory 或 WriteProcessMemory 请求。 (0x12B)
[0316/201509.967:WARNING:pe_image_annotations_reader.cc(65)] could not read simple annotations from C:\Program Files (x86)\Google\Chrome\Application\57.0.2987.98\chrome_elf.dll
[0316/201509.983:ERROR:process_reader_win.cc(233)] ReadMemory at 0x4ba0048 of 32768 bytes failed: 仅完成部分的 ReadProcessMemory 或 WriteProcessMemory 请求。 (0x12B)
[0316/201509.983:WARNING:pe_image_annotations_reader.cc(65)] could not read simple annotations from C:\Program Files (x86)\Google\Chrome\Application\57.0.2987.98\chrome_elf.dll
